[2025-06-23 01:06:52.487] [INFO] TCP 연결 추적을 위해 감사 정책이 일시적으로 활성화되었습니다.
[2025-06-23 01:06:52.546] [WARN] SecurityAlertsDataGrid가 아직 로드되지 않아 필터링을 건너뜁니다.
[2025-06-23 01:06:52.553] [WARN] SecurityAlertsDataGrid가 아직 로드되지 않아 필터링을 건너뜁니다.
[2025-06-23 01:06:53.592] [INFO] 발견된 캡처 장치 수: 8
[2025-06-23 01:06:53.596] [INFO] 장치 0: Network adapter 'WAN Miniport (Network Monitor)' on local host - rpcap://\Device\NPF_{0DD08C1D-A3B1-4A94-B153-2C49E17FB1F0}
[2025-06-23 01:06:53.600] [INFO] 장치 1: Network adapter 'WAN Miniport (IPv6)' on local host - rpcap://\Device\NPF_{808F958F-C536-4191-B6E0-C28D81F5B705}
[2025-06-23 01:06:53.604] [INFO] 장치 2: Network adapter 'WAN Miniport (IP)' on local host - rpcap://\Device\NPF_{1DE07AA1-3164-4FFB-A5A6-45950B9A834C}
[2025-06-23 01:06:53.607] [INFO] 장치 3: Network adapter 'Bluetooth Device (Personal Area Network)' on local host - rpcap://\Device\NPF_{B12453AF-4DB0-4C5E-A133-62976B4488EC}
[2025-06-23 01:06:53.610] [INFO] 장치 4: Network adapter 'Intel(R) Wi-Fi 6E AX211 160MHz' on local host - rpcap://\Device\NPF_{0DDAD6F6-FCBA-4CF6-886A-AB2D58073E84}
[2025-06-23 01:06:53.613] [INFO] 장치 5: Network adapter 'Microsoft Wi-Fi Direct Virtual Adapter #2' on local host - rpcap://\Device\NPF_{BA1DC28D-F58F-4FE0-AE1E-7A878DB2D744}
[2025-06-23 01:06:53.616] [INFO] 장치 6: Network adapter 'Microsoft Wi-Fi Direct Virtual Adapter' on local host - rpcap://\Device\NPF_{2B23BF12-7D61-426E-A19F-4B465B531401}
[2025-06-23 01:06:53.618] [INFO] 장치 7: Network adapter 'Adapter for loopback traffic capture' on local host - rpcap://\Device\NPF_Loopback
[2025-06-23 01:06:53.649] [INFO] 처리 중인 장치: Network adapter 'WAN Miniport (Network Monitor)' on local host
[2025-06-23 01:06:53.654] [INFO] 가상 인터페이스로 필터링됨: Network adapter 'WAN Miniport (Network Monitor)' on local host
[2025-06-23 01:06:53.656] [INFO] 처리 중인 장치: Network adapter 'WAN Miniport (IPv6)' on local host
[2025-06-23 01:06:53.659] [INFO] 가상 인터페이스로 필터링됨: Network adapter 'WAN Miniport (IPv6)' on local host
[2025-06-23 01:06:53.661] [INFO] 처리 중인 장치: Network adapter 'WAN Miniport (IP)' on local host
[2025-06-23 01:06:53.663] [INFO] 가상 인터페이스로 필터링됨: Network adapter 'WAN Miniport (IP)' on local host
[2025-06-23 01:06:53.665] [INFO] 처리 중인 장치: Network adapter 'Bluetooth Device (Personal Area Network)' on local host
[2025-06-23 01:06:53.817] [INFO] 장치 접근 가능성: Network adapter 'Bluetooth Device (Personal Area Network)' on local host = True
[2025-06-23 01:06:53.822] [INFO] 장치 상태: Network adapter 'Bluetooth Device (Personal Area Network)' on local host - 활성: False, IP: False, 우선순위: 0
[2025-06-23 01:06:53.825] [INFO] 처리 중인 장치: Network adapter 'Intel(R) Wi-Fi 6E AX211 160MHz' on local host
[2025-06-23 01:06:53.828] [INFO] 장치 접근 가능성: Network adapter 'Intel(R) Wi-Fi 6E AX211 160MHz' on local host = True
[2025-06-23 01:06:53.831] [INFO] 장치 상태: Network adapter 'Intel(R) Wi-Fi 6E AX211 160MHz' on local host - 활성: True, IP: True, 우선순위: 103
[2025-06-23 01:06:53.833] [INFO] 처리 중인 장치: Network adapter 'Microsoft Wi-Fi Direct Virtual Adapter #2' on local host
[2025-06-23 01:06:53.836] [INFO] 가상 인터페이스로 필터링됨: Network adapter 'Microsoft Wi-Fi Direct Virtual Adapter #2' on local host
[2025-06-23 01:06:53.839] [INFO] 처리 중인 장치: Network adapter 'Microsoft Wi-Fi Direct Virtual Adapter' on local host
[2025-06-23 01:06:53.841] [INFO] 가상 인터페이스로 필터링됨: Network adapter 'Microsoft Wi-Fi Direct Virtual Adapter' on local host
[2025-06-23 01:06:53.844] [INFO] 처리 중인 장치: Network adapter 'Adapter for loopback traffic capture' on local host
[2025-06-23 01:06:53.848] [INFO] 가상 인터페이스로 필터링됨: Network adapter 'Adapter for loopback traffic capture' on local host
[2025-06-23 01:06:53.852] [INFO] 총 인터페이스: 2, 활성: 1, 접근가능: 2
[2025-06-23 01:06:53.880] [INFO] 초기 데이터가 없어서 테스트 데이터 생성
[2025-06-23 01:06:53.893] [INFO] 테스트 데이터 50개 생성 완료
[2025-06-23 01:06:53.896] [INFO] 히스토리 탭 초기화 완료
[2025-06-23 01:06:53.936] [INFO] 탭 변경됨: RealtimeTab
[2025-06-23 01:06:53.973] [INFO] Network 페이지 로드 완료
[2025-06-23 01:06:53.975] [INFO] Network 페이지 로드 완료 초기화 완료
[2025-06-23 01:06:57.404] [INFO] TCP 연결 추적을 위해 감사 정책이 일시적으로 활성화되었습니다.
[2025-06-23 01:06:57.421] [WARN] SecurityAlertsDataGrid가 아직 로드되지 않아 필터링을 건너뜁니다.
[2025-06-23 01:06:57.426] [WARN] SecurityAlertsDataGrid가 아직 로드되지 않아 필터링을 건너뜁니다.
[2025-06-23 01:06:57.461] [INFO] 발견된 캡처 장치 수: 8
[2025-06-23 01:06:57.464] [INFO] 장치 0: Network adapter 'WAN Miniport (Network Monitor)' on local host - rpcap://\Device\NPF_{0DD08C1D-A3B1-4A94-B153-2C49E17FB1F0}
[2025-06-23 01:06:57.469] [INFO] 장치 1: Network adapter 'WAN Miniport (IPv6)' on local host - rpcap://\Device\NPF_{808F958F-C536-4191-B6E0-C28D81F5B705}
[2025-06-23 01:06:57.473] [INFO] 장치 2: Network adapter 'WAN Miniport (IP)' on local host - rpcap://\Device\NPF_{1DE07AA1-3164-4FFB-A5A6-45950B9A834C}
[2025-06-23 01:06:57.477] [INFO] 장치 3: Network adapter 'Bluetooth Device (Personal Area Network)' on local host - rpcap://\Device\NPF_{B12453AF-4DB0-4C5E-A133-62976B4488EC}
[2025-06-23 01:06:57.483] [INFO] 장치 4: Network adapter 'Intel(R) Wi-Fi 6E AX211 160MHz' on local host - rpcap://\Device\NPF_{0DDAD6F6-FCBA-4CF6-886A-AB2D58073E84}
[2025-06-23 01:06:57.487] [INFO] 장치 5: Network adapter 'Microsoft Wi-Fi Direct Virtual Adapter #2' on local host - rpcap://\Device\NPF_{BA1DC28D-F58F-4FE0-AE1E-7A878DB2D744}
[2025-06-23 01:06:57.493] [INFO] 장치 6: Network adapter 'Microsoft Wi-Fi Direct Virtual Adapter' on local host - rpcap://\Device\NPF_{2B23BF12-7D61-426E-A19F-4B465B531401}
[2025-06-23 01:06:57.498] [INFO] 장치 7: Network adapter 'Adapter for loopback traffic capture' on local host - rpcap://\Device\NPF_Loopback
[2025-06-23 01:06:57.544] [INFO] 처리 중인 장치: Network adapter 'WAN Miniport (Network Monitor)' on local host
[2025-06-23 01:06:57.548] [INFO] 가상 인터페이스로 필터링됨: Network adapter 'WAN Miniport (Network Monitor)' on local host
[2025-06-23 01:06:57.552] [INFO] 처리 중인 장치: Network adapter 'WAN Miniport (IPv6)' on local host
[2025-06-23 01:06:57.555] [INFO] 가상 인터페이스로 필터링됨: Network adapter 'WAN Miniport (IPv6)' on local host
[2025-06-23 01:06:57.559] [INFO] 처리 중인 장치: Network adapter 'WAN Miniport (IP)' on local host
[2025-06-23 01:06:57.563] [INFO] 가상 인터페이스로 필터링됨: Network adapter 'WAN Miniport (IP)' on local host
[2025-06-23 01:06:57.566] [INFO] 처리 중인 장치: Network adapter 'Bluetooth Device (Personal Area Network)' on local host
[2025-06-23 01:06:57.569] [INFO] 장치 접근 가능성: Network adapter 'Bluetooth Device (Personal Area Network)' on local host = True
[2025-06-23 01:06:57.573] [INFO] 장치 상태: Network adapter 'Bluetooth Device (Personal Area Network)' on local host - 활성: False, IP: False, 우선순위: 0
[2025-06-23 01:06:57.576] [INFO] 처리 중인 장치: Network adapter 'Intel(R) Wi-Fi 6E AX211 160MHz' on local host
[2025-06-23 01:06:57.580] [INFO] 장치 접근 가능성: Network adapter 'Intel(R) Wi-Fi 6E AX211 160MHz' on local host = True
[2025-06-23 01:06:57.583] [INFO] 장치 상태: Network adapter 'Intel(R) Wi-Fi 6E AX211 160MHz' on local host - 활성: True, IP: True, 우선순위: 103
[2025-06-23 01:06:57.587] [INFO] 처리 중인 장치: Network adapter 'Microsoft Wi-Fi Direct Virtual Adapter #2' on local host
[2025-06-23 01:06:57.590] [INFO] 가상 인터페이스로 필터링됨: Network adapter 'Microsoft Wi-Fi Direct Virtual Adapter #2' on local host
[2025-06-23 01:06:57.593] [INFO] 처리 중인 장치: Network adapter 'Microsoft Wi-Fi Direct Virtual Adapter' on local host
[2025-06-23 01:06:57.596] [INFO] 가상 인터페이스로 필터링됨: Network adapter 'Microsoft Wi-Fi Direct Virtual Adapter' on local host
[2025-06-23 01:06:57.599] [INFO] 처리 중인 장치: Network adapter 'Adapter for loopback traffic capture' on local host
[2025-06-23 01:06:57.602] [INFO] 가상 인터페이스로 필터링됨: Network adapter 'Adapter for loopback traffic capture' on local host
[2025-06-23 01:06:57.605] [INFO] 총 인터페이스: 2, 활성: 1, 접근가능: 2
[2025-06-23 01:06:57.610] [INFO] 초기 데이터가 없어서 테스트 데이터 생성
[2025-06-23 01:06:57.615] [INFO] 테스트 데이터 50개 생성 완료
[2025-06-23 01:06:57.617] [INFO] 히스토리 탭 초기화 완료
[2025-06-23 01:06:57.643] [INFO] 탭 변경됨: RealtimeTab
[2025-06-23 01:06:57.668] [INFO] Network 페이지 로드 완료
[2025-06-23 01:06:57.672] [INFO] Network 페이지 로드 완료 초기화 완료
[2025-06-23 01:06:58.992] [INFO] InstalledPrograms 초기화 시작
[2025-06-23 01:06:59.014] [INFO] InitializeComponent 완료
[2025-06-23 01:06:59.025] [INFO] DataGrid 초기화 완료
[2025-06-23 01:06:59.202] [INFO] 스피너 초기화 완료
[2025-06-23 01:06:59.206] [INFO] InstalledPrograms 초기화 완료
[2025-06-23 01:07:00.402] [INFO] InstalledPrograms 초기화 시작
[2025-06-23 01:07:00.414] [INFO] InitializeComponent 완료
[2025-06-23 01:07:00.422] [INFO] DataGrid 초기화 완료
[2025-06-23 01:07:00.582] [INFO] 스피너 초기화 완료
[2025-06-23 01:07:00.587] [INFO] InstalledPrograms 초기화 완료
[2025-06-23 01:07:01.704] [INFO] InstalledPrograms 초기화 시작
[2025-06-23 01:07:01.716] [INFO] InitializeComponent 완료
[2025-06-23 01:07:01.722] [INFO] DataGrid 초기화 완료
[2025-06-23 01:07:01.858] [INFO] 스피너 초기화 완료
[2025-06-23 01:07:01.862] [INFO] InstalledPrograms 초기화 완료
[2025-06-23 01:07:17.714] [INFO] TCP 연결 추적을 위해 감사 정책이 일시적으로 활성화되었습니다.
[2025-06-23 01:07:17.724] [WARN] SecurityAlertsDataGrid가 아직 로드되지 않아 필터링을 건너뜁니다.
[2025-06-23 01:07:17.728] [WARN] SecurityAlertsDataGrid가 아직 로드되지 않아 필터링을 건너뜁니다.
[2025-06-23 01:07:17.760] [INFO] 발견된 캡처 장치 수: 8
[2025-06-23 01:07:17.764] [INFO] 장치 0: Network adapter 'WAN Miniport (Network Monitor)' on local host - rpcap://\Device\NPF_{0DD08C1D-A3B1-4A94-B153-2C49E17FB1F0}
[2025-06-23 01:07:17.767] [INFO] 장치 1: Network adapter 'WAN Miniport (IPv6)' on local host - rpcap://\Device\NPF_{808F958F-C536-4191-B6E0-C28D81F5B705}
[2025-06-23 01:07:17.769] [INFO] 장치 2: Network adapter 'WAN Miniport (IP)' on local host - rpcap://\Device\NPF_{1DE07AA1-3164-4FFB-A5A6-45950B9A834C}
[2025-06-23 01:07:17.772] [INFO] 장치 3: Network adapter 'Bluetooth Device (Personal Area Network)' on local host - rpcap://\Device\NPF_{B12453AF-4DB0-4C5E-A133-62976B4488EC}
[2025-06-23 01:07:17.775] [INFO] 장치 4: Network adapter 'Intel(R) Wi-Fi 6E AX211 160MHz' on local host - rpcap://\Device\NPF_{0DDAD6F6-FCBA-4CF6-886A-AB2D58073E84}
[2025-06-23 01:07:17.796] [INFO] 장치 5: Network adapter 'Microsoft Wi-Fi Direct Virtual Adapter #2' on local host - rpcap://\Device\NPF_{BA1DC28D-F58F-4FE0-AE1E-7A878DB2D744}
[2025-06-23 01:07:17.801] [INFO] 장치 6: Network adapter 'Microsoft Wi-Fi Direct Virtual Adapter' on local host - rpcap://\Device\NPF_{2B23BF12-7D61-426E-A19F-4B465B531401}
[2025-06-23 01:07:17.805] [INFO] 장치 7: Network adapter 'Adapter for loopback traffic capture' on local host - rpcap://\Device\NPF_Loopback
[2025-06-23 01:07:17.844] [INFO] 처리 중인 장치: Network adapter 'WAN Miniport (Network Monitor)' on local host
[2025-06-23 01:07:17.851] [INFO] 가상 인터페이스로 필터링됨: Network adapter 'WAN Miniport (Network Monitor)' on local host
[2025-06-23 01:07:17.856] [INFO] 처리 중인 장치: Network adapter 'WAN Miniport (IPv6)' on local host
[2025-06-23 01:07:17.859] [INFO] 가상 인터페이스로 필터링됨: Network adapter 'WAN Miniport (IPv6)' on local host
[2025-06-23 01:07:17.863] [INFO] 처리 중인 장치: Network adapter 'WAN Miniport (IP)' on local host
[2025-06-23 01:07:17.867] [INFO] 가상 인터페이스로 필터링됨: Network adapter 'WAN Miniport (IP)' on local host
[2025-06-23 01:07:17.871] [INFO] 처리 중인 장치: Network adapter 'Bluetooth Device (Personal Area Network)' on local host
[2025-06-23 01:07:17.874] [INFO] 장치 접근 가능성: Network adapter 'Bluetooth Device (Personal Area Network)' on local host = True
[2025-06-23 01:07:17.877] [INFO] 장치 상태: Network adapter 'Bluetooth Device (Personal Area Network)' on local host - 활성: False, IP: False, 우선순위: 0
[2025-06-23 01:07:17.880] [INFO] 처리 중인 장치: Network adapter 'Intel(R) Wi-Fi 6E AX211 160MHz' on local host
[2025-06-23 01:07:17.883] [INFO] 장치 접근 가능성: Network adapter 'Intel(R) Wi-Fi 6E AX211 160MHz' on local host = True
[2025-06-23 01:07:17.886] [INFO] 장치 상태: Network adapter 'Intel(R) Wi-Fi 6E AX211 160MHz' on local host - 활성: True, IP: True, 우선순위: 103
[2025-06-23 01:07:17.889] [INFO] 처리 중인 장치: Network adapter 'Microsoft Wi-Fi Direct Virtual Adapter #2' on local host
[2025-06-23 01:07:17.893] [INFO] 가상 인터페이스로 필터링됨: Network adapter 'Microsoft Wi-Fi Direct Virtual Adapter #2' on local host
[2025-06-23 01:07:17.896] [INFO] 처리 중인 장치: Network adapter 'Microsoft Wi-Fi Direct Virtual Adapter' on local host
[2025-06-23 01:07:17.899] [INFO] 가상 인터페이스로 필터링됨: Network adapter 'Microsoft Wi-Fi Direct Virtual Adapter' on local host
[2025-06-23 01:07:17.901] [INFO] 처리 중인 장치: Network adapter 'Adapter for loopback traffic capture' on local host
[2025-06-23 01:07:17.903] [INFO] 가상 인터페이스로 필터링됨: Network adapter 'Adapter for loopback traffic capture' on local host
[2025-06-23 01:07:17.906] [INFO] 총 인터페이스: 2, 활성: 1, 접근가능: 2
[2025-06-23 01:07:17.910] [INFO] 초기 데이터가 없어서 테스트 데이터 생성
[2025-06-23 01:07:17.914] [INFO] 테스트 데이터 50개 생성 완료
[2025-06-23 01:07:17.917] [INFO] 히스토리 탭 초기화 완료
[2025-06-23 01:07:17.925] [INFO] 탭 변경됨: RealtimeTab
[2025-06-23 01:07:17.942] [INFO] Network 페이지 로드 완료
[2025-06-23 01:07:17.945] [INFO] Network 페이지 로드 완료 초기화 완료
[2025-06-23 01:18:55.553] [INFO] TCP 연결 추적을 위해 감사 정책이 일시적으로 활성화되었습니다.
[2025-06-23 01:18:55.793] [WARN] SecurityAlertsDataGrid가 아직 로드되지 않아 필터링을 건너뜁니다.
[2025-06-23 01:18:55.807] [WARN] SecurityAlertsDataGrid가 아직 로드되지 않아 필터링을 건너뜁니다.
[2025-06-23 01:18:56.464] [INFO] 발견된 캡처 장치 수: 8
[2025-06-23 01:18:56.469] [INFO] 장치 0: Network adapter 'WAN Miniport (Network Monitor)' on local host - rpcap://\Device\NPF_{0DD08C1D-A3B1-4A94-B153-2C49E17FB1F0}
[2025-06-23 01:18:56.474] [INFO] 장치 1: Network adapter 'WAN Miniport (IPv6)' on local host - rpcap://\Device\NPF_{808F958F-C536-4191-B6E0-C28D81F5B705}
[2025-06-23 01:18:56.478] [INFO] 장치 2: Network adapter 'WAN Miniport (IP)' on local host - rpcap://\Device\NPF_{1DE07AA1-3164-4FFB-A5A6-45950B9A834C}
[2025-06-23 01:18:56.482] [INFO] 장치 3: Network adapter 'Bluetooth Device (Personal Area Network)' on local host - rpcap://\Device\NPF_{B12453AF-4DB0-4C5E-A133-62976B4488EC}
[2025-06-23 01:18:56.486] [INFO] 장치 4: Network adapter 'Intel(R) Wi-Fi 6E AX211 160MHz' on local host - rpcap://\Device\NPF_{0DDAD6F6-FCBA-4CF6-886A-AB2D58073E84}
[2025-06-23 01:18:56.490] [INFO] 장치 5: Network adapter 'Microsoft Wi-Fi Direct Virtual Adapter #2' on local host - rpcap://\Device\NPF_{BA1DC28D-F58F-4FE0-AE1E-7A878DB2D744}
[2025-06-23 01:18:56.493] [INFO] 장치 6: Network adapter 'Microsoft Wi-Fi Direct Virtual Adapter' on local host - rpcap://\Device\NPF_{2B23BF12-7D61-426E-A19F-4B465B531401}
[2025-06-23 01:18:56.497] [INFO] 장치 7: Network adapter 'Adapter for loopback traffic capture' on local host - rpcap://\Device\NPF_Loopback
[2025-06-23 01:18:56.534] [INFO] 처리 중인 장치: Network adapter 'WAN Miniport (Network Monitor)' on local host
[2025-06-23 01:18:56.542] [INFO] 가상 인터페이스로 필터링됨: Network adapter 'WAN Miniport (Network Monitor)' on local host
[2025-06-23 01:18:56.547] [INFO] 처리 중인 장치: Network adapter 'WAN Miniport (IPv6)' on local host
[2025-06-23 01:18:56.553] [INFO] 가상 인터페이스로 필터링됨: Network adapter 'WAN Miniport (IPv6)' on local host
[2025-06-23 01:18:56.557] [INFO] 처리 중인 장치: Network adapter 'WAN Miniport (IP)' on local host
[2025-06-23 01:18:56.562] [INFO] 가상 인터페이스로 필터링됨: Network adapter 'WAN Miniport (IP)' on local host
[2025-06-23 01:18:56.566] [INFO] 처리 중인 장치: Network adapter 'Bluetooth Device (Personal Area Network)' on local host
[2025-06-23 01:18:56.740] [INFO] 장치 접근 가능성: Network adapter 'Bluetooth Device (Personal Area Network)' on local host = True
[2025-06-23 01:18:56.747] [INFO] 장치 상태: Network adapter 'Bluetooth Device (Personal Area Network)' on local host - 활성: False, IP: False, 우선순위: 0
[2025-06-23 01:18:56.752] [INFO] 처리 중인 장치: Network adapter 'Intel(R) Wi-Fi 6E AX211 160MHz' on local host
[2025-06-23 01:18:56.757] [INFO] 장치 접근 가능성: Network adapter 'Intel(R) Wi-Fi 6E AX211 160MHz' on local host = True
[2025-06-23 01:18:56.763] [INFO] 장치 상태: Network adapter 'Intel(R) Wi-Fi 6E AX211 160MHz' on local host - 활성: True, IP: True, 우선순위: 103
[2025-06-23 01:18:56.769] [INFO] 처리 중인 장치: Network adapter 'Microsoft Wi-Fi Direct Virtual Adapter #2' on local host
[2025-06-23 01:18:56.774] [INFO] 가상 인터페이스로 필터링됨: Network adapter 'Microsoft Wi-Fi Direct Virtual Adapter #2' on local host
[2025-06-23 01:18:56.779] [INFO] 처리 중인 장치: Network adapter 'Microsoft Wi-Fi Direct Virtual Adapter' on local host
[2025-06-23 01:18:56.783] [INFO] 가상 인터페이스로 필터링됨: Network adapter 'Microsoft Wi-Fi Direct Virtual Adapter' on local host
[2025-06-23 01:18:56.789] [INFO] 처리 중인 장치: Network adapter 'Adapter for loopback traffic capture' on local host
[2025-06-23 01:18:56.794] [INFO] 가상 인터페이스로 필터링됨: Network adapter 'Adapter for loopback traffic capture' on local host
[2025-06-23 01:18:56.799] [INFO] 총 인터페이스: 2, 활성: 1, 접근가능: 2
[2025-06-23 01:18:56.823] [INFO] 초기 데이터가 없어서 테스트 데이터 생성
[2025-06-23 01:18:56.837] [INFO] 테스트 데이터 50개 생성 완료
[2025-06-23 01:18:56.840] [INFO] 히스토리 탭 초기화 완료
[2025-06-23 01:18:56.893] [INFO] 탭 변경됨: RealtimeTab
[2025-06-23 01:18:56.965] [INFO] Network 페이지 로드 완료
[2025-06-23 01:18:56.972] [INFO] Network 페이지 로드 완료 초기화 완료
[2025-06-23 01:19:05.587] [INFO] InstalledPrograms 초기화 시작
[2025-06-23 01:19:05.601] [INFO] InitializeComponent 완료
[2025-06-23 01:19:05.610] [INFO] DataGrid 초기화 완료
[2025-06-23 01:19:05.836] [INFO] 스피너 초기화 완료
[2025-06-23 01:19:05.842] [INFO] InstalledPrograms 초기화 완료
[2025-06-23 01:26:26.751] [INFO] InstalledPrograms 초기화 시작
[2025-06-23 01:26:26.778] [INFO] InitializeComponent 완료
[2025-06-23 01:26:26.784] [INFO] DataGrid 초기화 완료
[2025-06-23 01:26:26.937] [INFO] 스피너 초기화 완료
[2025-06-23 01:26:26.940] [INFO] InstalledPrograms 초기화 완료
[2025-06-23 01:26:29.686] [INFO] TCP 연결 추적을 위해 감사 정책이 일시적으로 활성화되었습니다.
[2025-06-23 01:26:29.731] [WARN] SecurityAlertsDataGrid가 아직 로드되지 않아 필터링을 건너뜁니다.
[2025-06-23 01:26:29.738] [WARN] SecurityAlertsDataGrid가 아직 로드되지 않아 필터링을 건너뜁니다.
[2025-06-23 01:26:30.451] [INFO] 발견된 캡처 장치 수: 8
[2025-06-23 01:26:30.455] [INFO] 장치 0: Network adapter 'WAN Miniport (Network Monitor)' on local host - rpcap://\Device\NPF_{0DD08C1D-A3B1-4A94-B153-2C49E17FB1F0}
[2025-06-23 01:26:30.459] [INFO] 장치 1: Network adapter 'WAN Miniport (IPv6)' on local host - rpcap://\Device\NPF_{808F958F-C536-4191-B6E0-C28D81F5B705}
[2025-06-23 01:26:30.462] [INFO] 장치 2: Network adapter 'WAN Miniport (IP)' on local host - rpcap://\Device\NPF_{1DE07AA1-3164-4FFB-A5A6-45950B9A834C}
[2025-06-23 01:26:30.465] [INFO] 장치 3: Network adapter 'Bluetooth Device (Personal Area Network)' on local host - rpcap://\Device\NPF_{B12453AF-4DB0-4C5E-A133-62976B4488EC}
[2025-06-23 01:26:30.468] [INFO] 장치 4: Network adapter 'Intel(R) Wi-Fi 6E AX211 160MHz' on local host - rpcap://\Device\NPF_{0DDAD6F6-FCBA-4CF6-886A-AB2D58073E84}
[2025-06-23 01:26:30.471] [INFO] 장치 5: Network adapter 'Microsoft Wi-Fi Direct Virtual Adapter #2' on local host - rpcap://\Device\NPF_{BA1DC28D-F58F-4FE0-AE1E-7A878DB2D744}
[2025-06-23 01:26:30.474] [INFO] 장치 6: Network adapter 'Microsoft Wi-Fi Direct Virtual Adapter' on local host - rpcap://\Device\NPF_{2B23BF12-7D61-426E-A19F-4B465B531401}
[2025-06-23 01:26:30.477] [INFO] 장치 7: Network adapter 'Adapter for loopback traffic capture' on local host - rpcap://\Device\NPF_Loopback
[2025-06-23 01:26:30.508] [INFO] 처리 중인 장치: Network adapter 'WAN Miniport (Network Monitor)' on local host
[2025-06-23 01:26:30.512] [INFO] 가상 인터페이스로 필터링됨: Network adapter 'WAN Miniport (Network Monitor)' on local host
[2025-06-23 01:26:30.515] [INFO] 처리 중인 장치: Network adapter 'WAN Miniport (IPv6)' on local host
[2025-06-23 01:26:30.519] [INFO] 가상 인터페이스로 필터링됨: Network adapter 'WAN Miniport (IPv6)' on local host
[2025-06-23 01:26:30.522] [INFO] 처리 중인 장치: Network adapter 'WAN Miniport (IP)' on local host
[2025-06-23 01:26:30.525] [INFO] 가상 인터페이스로 필터링됨: Network adapter 'WAN Miniport (IP)' on local host
[2025-06-23 01:26:30.528] [INFO] 처리 중인 장치: Network adapter 'Bluetooth Device (Personal Area Network)' on local host
[2025-06-23 01:26:30.670] [INFO] 장치 접근 가능성: Network adapter 'Bluetooth Device (Personal Area Network)' on local host = True
[2025-06-23 01:26:30.674] [INFO] 장치 상태: Network adapter 'Bluetooth Device (Personal Area Network)' on local host - 활성: False, IP: False, 우선순위: 0
[2025-06-23 01:26:30.677] [INFO] 처리 중인 장치: Network adapter 'Intel(R) Wi-Fi 6E AX211 160MHz' on local host
[2025-06-23 01:26:30.679] [INFO] 장치 접근 가능성: Network adapter 'Intel(R) Wi-Fi 6E AX211 160MHz' on local host = True
[2025-06-23 01:26:30.684] [INFO] 장치 상태: Network adapter 'Intel(R) Wi-Fi 6E AX211 160MHz' on local host - 활성: True, IP: True, 우선순위: 103
[2025-06-23 01:26:30.686] [INFO] 처리 중인 장치: Network adapter 'Microsoft Wi-Fi Direct Virtual Adapter #2' on local host
[2025-06-23 01:26:30.688] [INFO] 가상 인터페이스로 필터링됨: Network adapter 'Microsoft Wi-Fi Direct Virtual Adapter #2' on local host
[2025-06-23 01:26:30.690] [INFO] 처리 중인 장치: Network adapter 'Microsoft Wi-Fi Direct Virtual Adapter' on local host
[2025-06-23 01:26:30.693] [INFO] 가상 인터페이스로 필터링됨: Network adapter 'Microsoft Wi-Fi Direct Virtual Adapter' on local host
[2025-06-23 01:26:30.696] [INFO] 처리 중인 장치: Network adapter 'Adapter for loopback traffic capture' on local host
[2025-06-23 01:26:30.699] [INFO] 가상 인터페이스로 필터링됨: Network adapter 'Adapter for loopback traffic capture' on local host
[2025-06-23 01:26:30.704] [INFO] 총 인터페이스: 2, 활성: 1, 접근가능: 2
[2025-06-23 01:26:30.718] [INFO] 초기 데이터가 없어서 테스트 데이터 생성
[2025-06-23 01:26:30.727] [INFO] 테스트 데이터 50개 생성 완료
[2025-06-23 01:26:30.730] [INFO] 히스토리 탭 초기화 완료
[2025-06-23 01:26:30.798] [INFO] 탭 변경됨: RealtimeTab
[2025-06-23 01:26:30.839] [INFO] Network 페이지 로드 완료
[2025-06-23 01:26:30.843] [INFO] Network 페이지 로드 완료 초기화 완료
[2025-06-23 01:26:35.185] [INFO] InstalledPrograms 초기화 시작
[2025-06-23 01:26:35.206] [INFO] InitializeComponent 완료
[2025-06-23 01:26:35.213] [INFO] DataGrid 초기화 완료
[2025-06-23 01:26:35.402] [INFO] 스피너 초기화 완료
[2025-06-23 01:26:35.410] [INFO] InstalledPrograms 초기화 완료
[2025-06-23 01:26:39.056] [INFO] InstalledPrograms 초기화 시작
[2025-06-23 01:26:39.074] [INFO] InitializeComponent 완료
[2025-06-23 01:26:39.081] [INFO] DataGrid 초기화 완료
[2025-06-23 01:26:39.234] [INFO] 스피너 초기화 완료
[2025-06-23 01:26:39.238] [INFO] InstalledPrograms 초기화 완료
[2025-06-23 01:26:40.743] [INFO] InstalledPrograms 초기화 시작
[2025-06-23 01:26:40.755] [INFO] InitializeComponent 완료
[2025-06-23 01:26:40.764] [INFO] DataGrid 초기화 완료
[2025-06-23 01:26:40.927] [INFO] 스피너 초기화 완료
[2025-06-23 01:26:40.933] [INFO] InstalledPrograms 초기화 완료
[2025-06-23 01:26:42.302] [INFO] InstalledPrograms 초기화 시작
[2025-06-23 01:26:42.316] [INFO] InitializeComponent 완료
[2025-06-23 01:26:42.324] [INFO] DataGrid 초기화 완료
[2025-06-23 01:26:42.478] [INFO] 스피너 초기화 완료
[2025-06-23 01:26:42.484] [INFO] InstalledPrograms 초기화 완료
[2025-06-23 01:26:56.110] [INFO] TCP 연결 추적을 위해 감사 정책이 일시적으로 활성화되었습니다.
[2025-06-23 01:26:56.122] [WARN] SecurityAlertsDataGrid가 아직 로드되지 않아 필터링을 건너뜁니다.
[2025-06-23 01:26:56.126] [WARN] SecurityAlertsDataGrid가 아직 로드되지 않아 필터링을 건너뜁니다.
[2025-06-23 01:26:56.163] [INFO] 발견된 캡처 장치 수: 8
[2025-06-23 01:26:56.168] [INFO] 장치 0: Network adapter 'WAN Miniport (Network Monitor)' on local host - rpcap://\Device\NPF_{0DD08C1D-A3B1-4A94-B153-2C49E17FB1F0}
[2025-06-23 01:26:56.171] [INFO] 장치 1: Network adapter 'WAN Miniport (IPv6)' on local host - rpcap://\Device\NPF_{808F958F-C536-4191-B6E0-C28D81F5B705}
[2025-06-23 01:26:56.175] [INFO] 장치 2: Network adapter 'WAN Miniport (IP)' on local host - rpcap://\Device\NPF_{1DE07AA1-3164-4FFB-A5A6-45950B9A834C}
[2025-06-23 01:26:56.178] [INFO] 장치 3: Network adapter 'Bluetooth Device (Personal Area Network)' on local host - rpcap://\Device\NPF_{B12453AF-4DB0-4C5E-A133-62976B4488EC}
[2025-06-23 01:26:56.183] [INFO] 장치 4: Network adapter 'Intel(R) Wi-Fi 6E AX211 160MHz' on local host - rpcap://\Device\NPF_{0DDAD6F6-FCBA-4CF6-886A-AB2D58073E84}
[2025-06-23 01:26:56.186] [INFO] 장치 5: Network adapter 'Microsoft Wi-Fi Direct Virtual Adapter #2' on local host - rpcap://\Device\NPF_{BA1DC28D-F58F-4FE0-AE1E-7A878DB2D744}
[2025-06-23 01:26:56.190] [INFO] 장치 6: Network adapter 'Microsoft Wi-Fi Direct Virtual Adapter' on local host - rpcap://\Device\NPF_{2B23BF12-7D61-426E-A19F-4B465B531401}
[2025-06-23 01:26:56.193] [INFO] 장치 7: Network adapter 'Adapter for loopback traffic capture' on local host - rpcap://\Device\NPF_Loopback
[2025-06-23 01:26:56.225] [INFO] 처리 중인 장치: Network adapter 'WAN Miniport (Network Monitor)' on local host
[2025-06-23 01:26:56.229] [INFO] 가상 인터페이스로 필터링됨: Network adapter 'WAN Miniport (Network Monitor)' on local host
[2025-06-23 01:26:56.232] [INFO] 처리 중인 장치: Network adapter 'WAN Miniport (IPv6)' on local host
[2025-06-23 01:26:56.235] [INFO] 가상 인터페이스로 필터링됨: Network adapter 'WAN Miniport (IPv6)' on local host
[2025-06-23 01:26:56.238] [INFO] 처리 중인 장치: Network adapter 'WAN Miniport (IP)' on local host
[2025-06-23 01:26:56.241] [INFO] 가상 인터페이스로 필터링됨: Network adapter 'WAN Miniport (IP)' on local host
[2025-06-23 01:26:56.243] [INFO] 처리 중인 장치: Network adapter 'Bluetooth Device (Personal Area Network)' on local host
[2025-06-23 01:26:56.246] [INFO] 장치 접근 가능성: Network adapter 'Bluetooth Device (Personal Area Network)' on local host = True
[2025-06-23 01:26:56.250] [INFO] 장치 상태: Network adapter 'Bluetooth Device (Personal Area Network)' on local host - 활성: False, IP: False, 우선순위: 0
[2025-06-23 01:26:56.252] [INFO] 처리 중인 장치: Network adapter 'Intel(R) Wi-Fi 6E AX211 160MHz' on local host
[2025-06-23 01:26:56.256] [INFO] 장치 접근 가능성: Network adapter 'Intel(R) Wi-Fi 6E AX211 160MHz' on local host = True
[2025-06-23 01:26:56.259] [INFO] 장치 상태: Network adapter 'Intel(R) Wi-Fi 6E AX211 160MHz' on local host - 활성: True, IP: True, 우선순위: 103
[2025-06-23 01:26:56.262] [INFO] 처리 중인 장치: Network adapter 'Microsoft Wi-Fi Direct Virtual Adapter #2' on local host
[2025-06-23 01:26:56.265] [INFO] 가상 인터페이스로 필터링됨: Network adapter 'Microsoft Wi-Fi Direct Virtual Adapter #2' on local host
[2025-06-23 01:26:56.267] [INFO] 처리 중인 장치: Network adapter 'Microsoft Wi-Fi Direct Virtual Adapter' on local host
[2025-06-23 01:26:56.270] [INFO] 가상 인터페이스로 필터링됨: Network adapter 'Microsoft Wi-Fi Direct Virtual Adapter' on local host
[2025-06-23 01:26:56.273] [INFO] 처리 중인 장치: Network adapter 'Adapter for loopback traffic capture' on local host
[2025-06-23 01:26:56.275] [INFO] 가상 인터페이스로 필터링됨: Network adapter 'Adapter for loopback traffic capture' on local host
[2025-06-23 01:26:56.279] [INFO] 총 인터페이스: 2, 활성: 1, 접근가능: 2
[2025-06-23 01:26:56.282] [INFO] 초기 데이터가 없어서 테스트 데이터 생성
[2025-06-23 01:26:56.286] [INFO] 테스트 데이터 50개 생성 완료
[2025-06-23 01:26:56.289] [INFO] 히스토리 탭 초기화 완료
[2025-06-23 01:26:56.297] [INFO] 탭 변경됨: RealtimeTab
[2025-06-23 01:26:56.326] [INFO] Network 페이지 로드 완료
[2025-06-23 01:26:56.330] [INFO] Network 페이지 로드 완료 초기화 완료
[2025-06-23 01:47:12.660] [INFO] InstalledPrograms 초기화 시작
[2025-06-23 01:47:12.673] [INFO] InitializeComponent 완료
[2025-06-23 01:47:12.677] [INFO] DataGrid 초기화 완료
[2025-06-23 01:47:12.747] [INFO] 스피너 초기화 완료
[2025-06-23 01:47:12.748] [INFO] InstalledPrograms 초기화 완료
[2025-06-23 02:02:04.872] [INFO] InstalledPrograms 초기화 시작
[2025-06-23 02:02:04.891] [INFO] InitializeComponent 완료
[2025-06-23 02:02:04.897] [INFO] DataGrid 초기화 완료
[2025-06-23 02:02:04.978] [INFO] 스피너 초기화 완료
[2025-06-23 02:02:04.980] [INFO] InstalledPrograms 초기화 완료
[2025-06-23 02:02:21.684] [INFO] TCP 연결 추적을 위해 감사 정책이 일시적으로 활성화되었습니다.
[2025-06-23 02:02:21.703] [WARN] SecurityAlertsDataGrid가 아직 로드되지 않아 필터링을 건너뜁니다.
[2025-06-23 02:02:21.708] [WARN] SecurityAlertsDataGrid가 아직 로드되지 않아 필터링을 건너뜁니다.
[2025-06-23 02:02:22.085] [INFO] 발견된 캡처 장치 수: 8
[2025-06-23 02:02:22.088] [INFO] 장치 0: Network adapter 'WAN Miniport (Network Monitor)' on local host - rpcap://\Device\NPF_{0DD08C1D-A3B1-4A94-B153-2C49E17FB1F0}
[2025-06-23 02:02:22.091] [INFO] 장치 1: Network adapter 'WAN Miniport (IPv6)' on local host - rpcap://\Device\NPF_{808F958F-C536-4191-B6E0-C28D81F5B705}
[2025-06-23 02:02:22.093] [INFO] 장치 2: Network adapter 'WAN Miniport (IP)' on local host - rpcap://\Device\NPF_{1DE07AA1-3164-4FFB-A5A6-45950B9A834C}
[2025-06-23 02:02:22.097] [INFO] 장치 3: Network adapter 'Bluetooth Device (Personal Area Network)' on local host - rpcap://\Device\NPF_{B12453AF-4DB0-4C5E-A133-62976B4488EC}
[2025-06-23 02:02:22.099] [INFO] 장치 4: Network adapter 'Intel(R) Wi-Fi 6E AX211 160MHz' on local host - rpcap://\Device\NPF_{0DDAD6F6-FCBA-4CF6-886A-AB2D58073E84}
[2025-06-23 02:02:22.101] [INFO] 장치 5: Network adapter 'Microsoft Wi-Fi Direct Virtual Adapter #2' on local host - rpcap://\Device\NPF_{BA1DC28D-F58F-4FE0-AE1E-7A878DB2D744}
[2025-06-23 02:02:22.104] [INFO] 장치 6: Network adapter 'Microsoft Wi-Fi Direct Virtual Adapter' on local host - rpcap://\Device\NPF_{2B23BF12-7D61-426E-A19F-4B465B531401}
[2025-06-23 02:02:22.107] [INFO] 장치 7: Network adapter 'Adapter for loopback traffic capture' on local host - rpcap://\Device\NPF_Loopback
[2025-06-23 02:02:22.128] [INFO] 처리 중인 장치: Network adapter 'WAN Miniport (Network Monitor)' on local host
[2025-06-23 02:02:22.131] [INFO] 가상 인터페이스로 필터링됨: Network adapter 'WAN Miniport (Network Monitor)' on local host
[2025-06-23 02:02:22.135] [INFO] 처리 중인 장치: Network adapter 'WAN Miniport (IPv6)' on local host
[2025-06-23 02:02:22.137] [INFO] 가상 인터페이스로 필터링됨: Network adapter 'WAN Miniport (IPv6)' on local host
[2025-06-23 02:02:22.140] [INFO] 처리 중인 장치: Network adapter 'WAN Miniport (IP)' on local host
[2025-06-23 02:02:22.143] [INFO] 가상 인터페이스로 필터링됨: Network adapter 'WAN Miniport (IP)' on local host
[2025-06-23 02:02:22.146] [INFO] 처리 중인 장치: Network adapter 'Bluetooth Device (Personal Area Network)' on local host
[2025-06-23 02:02:22.274] [INFO] 장치 접근 가능성: Network adapter 'Bluetooth Device (Personal Area Network)' on local host = True
[2025-06-23 02:02:22.279] [INFO] 장치 상태: Network adapter 'Bluetooth Device (Personal Area Network)' on local host - 활성: False, IP: False, 우선순위: 0
[2025-06-23 02:02:22.282] [INFO] 처리 중인 장치: Network adapter 'Intel(R) Wi-Fi 6E AX211 160MHz' on local host
[2025-06-23 02:02:22.285] [INFO] 장치 접근 가능성: Network adapter 'Intel(R) Wi-Fi 6E AX211 160MHz' on local host = True
[2025-06-23 02:02:22.289] [INFO] 장치 상태: Network adapter 'Intel(R) Wi-Fi 6E AX211 160MHz' on local host - 활성: True, IP: True, 우선순위: 103
[2025-06-23 02:02:22.291] [INFO] 처리 중인 장치: Network adapter 'Microsoft Wi-Fi Direct Virtual Adapter #2' on local host
[2025-06-23 02:02:22.293] [INFO] 가상 인터페이스로 필터링됨: Network adapter 'Microsoft Wi-Fi Direct Virtual Adapter #2' on local host
[2025-06-23 02:02:22.295] [INFO] 처리 중인 장치: Network adapter 'Microsoft Wi-Fi Direct Virtual Adapter' on local host
[2025-06-23 02:02:22.298] [INFO] 가상 인터페이스로 필터링됨: Network adapter 'Microsoft Wi-Fi Direct Virtual Adapter' on local host
[2025-06-23 02:02:22.300] [INFO] 처리 중인 장치: Network adapter 'Adapter for loopback traffic capture' on local host
[2025-06-23 02:02:22.302] [INFO] 가상 인터페이스로 필터링됨: Network adapter 'Adapter for loopback traffic capture' on local host
[2025-06-23 02:02:22.304] [INFO] 총 인터페이스: 2, 활성: 1, 접근가능: 2
[2025-06-23 02:02:22.316] [INFO] 초기 데이터가 없어서 테스트 데이터 생성
[2025-06-23 02:02:22.324] [INFO] 테스트 데이터 50개 생성 완료
[2025-06-23 02:02:22.326] [INFO] 히스토리 탭 초기화 완료
[2025-06-23 02:02:22.384] [INFO] 탭 변경됨: RealtimeTab
[2025-06-23 02:02:22.414] [INFO] Network 페이지 로드 완료
[2025-06-23 02:02:22.417] [INFO] Network 페이지 로드 완료 초기화 완료
[2025-06-23 02:04:37.735] [INFO] TCP 연결 추적을 위해 감사 정책이 일시적으로 활성화되었습니다.
[2025-06-23 02:04:37.765] [WARN] SecurityAlertsDataGrid가 아직 로드되지 않아 필터링을 건너뜁니다.
[2025-06-23 02:04:37.769] [WARN] SecurityAlertsDataGrid가 아직 로드되지 않아 필터링을 건너뜁니다.
[2025-06-23 02:04:38.160] [INFO] 발견된 캡처 장치 수: 8
[2025-06-23 02:04:38.162] [INFO] 장치 0: Network adapter 'WAN Miniport (Network Monitor)' on local host - rpcap://\Device\NPF_{0DD08C1D-A3B1-4A94-B153-2C49E17FB1F0}
[2025-06-23 02:04:38.164] [INFO] 장치 1: Network adapter 'WAN Miniport (IPv6)' on local host - rpcap://\Device\NPF_{808F958F-C536-4191-B6E0-C28D81F5B705}
[2025-06-23 02:04:38.166] [INFO] 장치 2: Network adapter 'WAN Miniport (IP)' on local host - rpcap://\Device\NPF_{1DE07AA1-3164-4FFB-A5A6-45950B9A834C}
[2025-06-23 02:04:38.168] [INFO] 장치 3: Network adapter 'Bluetooth Device (Personal Area Network)' on local host - rpcap://\Device\NPF_{B12453AF-4DB0-4C5E-A133-62976B4488EC}
[2025-06-23 02:04:38.170] [INFO] 장치 4: Network adapter 'Intel(R) Wi-Fi 6E AX211 160MHz' on local host - rpcap://\Device\NPF_{0DDAD6F6-FCBA-4CF6-886A-AB2D58073E84}
[2025-06-23 02:04:38.172] [INFO] 장치 5: Network adapter 'Microsoft Wi-Fi Direct Virtual Adapter #2' on local host - rpcap://\Device\NPF_{BA1DC28D-F58F-4FE0-AE1E-7A878DB2D744}
[2025-06-23 02:04:38.174] [INFO] 장치 6: Network adapter 'Microsoft Wi-Fi Direct Virtual Adapter' on local host - rpcap://\Device\NPF_{2B23BF12-7D61-426E-A19F-4B465B531401}
[2025-06-23 02:04:38.175] [INFO] 장치 7: Network adapter 'Adapter for loopback traffic capture' on local host - rpcap://\Device\NPF_Loopback
[2025-06-23 02:04:38.199] [INFO] 처리 중인 장치: Network adapter 'WAN Miniport (Network Monitor)' on local host
[2025-06-23 02:04:38.202] [INFO] 가상 인터페이스로 필터링됨: Network adapter 'WAN Miniport (Network Monitor)' on local host
[2025-06-23 02:04:38.204] [INFO] 처리 중인 장치: Network adapter 'WAN Miniport (IPv6)' on local host
[2025-06-23 02:04:38.205] [INFO] 가상 인터페이스로 필터링됨: Network adapter 'WAN Miniport (IPv6)' on local host
[2025-06-23 02:04:38.207] [INFO] 처리 중인 장치: Network adapter 'WAN Miniport (IP)' on local host
[2025-06-23 02:04:38.209] [INFO] 가상 인터페이스로 필터링됨: Network adapter 'WAN Miniport (IP)' on local host
[2025-06-23 02:04:38.211] [INFO] 처리 중인 장치: Network adapter 'Bluetooth Device (Personal Area Network)' on local host
[2025-06-23 02:04:38.339] [INFO] 장치 접근 가능성: Network adapter 'Bluetooth Device (Personal Area Network)' on local host = True
[2025-06-23 02:04:38.343] [INFO] 장치 상태: Network adapter 'Bluetooth Device (Personal Area Network)' on local host - 활성: False, IP: False, 우선순위: 0
[2025-06-23 02:04:38.345] [INFO] 처리 중인 장치: Network adapter 'Intel(R) Wi-Fi 6E AX211 160MHz' on local host
[2025-06-23 02:04:38.349] [INFO] 장치 접근 가능성: Network adapter 'Intel(R) Wi-Fi 6E AX211 160MHz' on local host = True
[2025-06-23 02:04:38.353] [INFO] 장치 상태: Network adapter 'Intel(R) Wi-Fi 6E AX211 160MHz' on local host - 활성: True, IP: True, 우선순위: 103
[2025-06-23 02:04:38.356] [INFO] 처리 중인 장치: Network adapter 'Microsoft Wi-Fi Direct Virtual Adapter #2' on local host
[2025-06-23 02:04:38.359] [INFO] 가상 인터페이스로 필터링됨: Network adapter 'Microsoft Wi-Fi Direct Virtual Adapter #2' on local host
[2025-06-23 02:04:38.361] [INFO] 처리 중인 장치: Network adapter 'Microsoft Wi-Fi Direct Virtual Adapter' on local host
[2025-06-23 02:04:38.363] [INFO] 가상 인터페이스로 필터링됨: Network adapter 'Microsoft Wi-Fi Direct Virtual Adapter' on local host
[2025-06-23 02:04:38.364] [INFO] 처리 중인 장치: Network adapter 'Adapter for loopback traffic capture' on local host
[2025-06-23 02:04:38.366] [INFO] 가상 인터페이스로 필터링됨: Network adapter 'Adapter for loopback traffic capture' on local host
[2025-06-23 02:04:38.368] [INFO] 총 인터페이스: 2, 활성: 1, 접근가능: 2
[2025-06-23 02:04:38.379] [INFO] 초기 데이터가 없어서 테스트 데이터 생성
[2025-06-23 02:04:38.387] [INFO] 테스트 데이터 50개 생성 완료
[2025-06-23 02:04:38.389] [INFO] 히스토리 탭 초기화 완료
[2025-06-23 02:04:38.399] [INFO] 탭 변경됨: RealtimeTab
[2025-06-23 02:04:38.457] [INFO] Network 페이지 로드 완료
[2025-06-23 02:04:38.459] [INFO] Network 페이지 로드 완료 초기화 완료
[2025-06-23 02:04:45.982] [INFO] InstalledPrograms 초기화 시작
[2025-06-23 02:04:45.992] [INFO] InitializeComponent 완료
[2025-06-23 02:04:45.996] [INFO] DataGrid 초기화 완료
[2025-06-23 02:04:46.064] [INFO] 스피너 초기화 완료
[2025-06-23 02:04:46.066] [INFO] InstalledPrograms 초기화 완료
[2025-06-23 02:04:53.007] [INFO] TCP 연결 추적을 위해 감사 정책이 일시적으로 활성화되었습니다.
[2025-06-23 02:04:53.016] [WARN] SecurityAlertsDataGrid가 아직 로드되지 않아 필터링을 건너뜁니다.
[2025-06-23 02:04:53.018] [WARN] SecurityAlertsDataGrid가 아직 로드되지 않아 필터링을 건너뜁니다.
[2025-06-23 02:04:53.037] [INFO] 발견된 캡처 장치 수: 8
[2025-06-23 02:04:53.039] [INFO] 장치 0: Network adapter 'WAN Miniport (Network Monitor)' on local host - rpcap://\Device\NPF_{0DD08C1D-A3B1-4A94-B153-2C49E17FB1F0}
[2025-06-23 02:04:53.040] [INFO] 장치 1: Network adapter 'WAN Miniport (IPv6)' on local host - rpcap://\Device\NPF_{808F958F-C536-4191-B6E0-C28D81F5B705}
[2025-06-23 02:04:53.041] [INFO] 장치 2: Network adapter 'WAN Miniport (IP)' on local host - rpcap://\Device\NPF_{1DE07AA1-3164-4FFB-A5A6-45950B9A834C}
[2025-06-23 02:04:53.043] [INFO] 장치 3: Network adapter 'Bluetooth Device (Personal Area Network)' on local host - rpcap://\Device\NPF_{B12453AF-4DB0-4C5E-A133-62976B4488EC}
[2025-06-23 02:04:53.044] [INFO] 장치 4: Network adapter 'Intel(R) Wi-Fi 6E AX211 160MHz' on local host - rpcap://\Device\NPF_{0DDAD6F6-FCBA-4CF6-886A-AB2D58073E84}
[2025-06-23 02:04:53.045] [INFO] 장치 5: Network adapter 'Microsoft Wi-Fi Direct Virtual Adapter #2' on local host - rpcap://\Device\NPF_{BA1DC28D-F58F-4FE0-AE1E-7A878DB2D744}
[2025-06-23 02:04:53.047] [INFO] 장치 6: Network adapter 'Microsoft Wi-Fi Direct Virtual Adapter' on local host - rpcap://\Device\NPF_{2B23BF12-7D61-426E-A19F-4B465B531401}
[2025-06-23 02:04:53.048] [INFO] 장치 7: Network adapter 'Adapter for loopback traffic capture' on local host - rpcap://\Device\NPF_Loopback
[2025-06-23 02:04:53.071] [INFO] 처리 중인 장치: Network adapter 'WAN Miniport (Network Monitor)' on local host
[2025-06-23 02:04:53.073] [INFO] 가상 인터페이스로 필터링됨: Network adapter 'WAN Miniport (Network Monitor)' on local host
[2025-06-23 02:04:53.075] [INFO] 처리 중인 장치: Network adapter 'WAN Miniport (IPv6)' on local host
[2025-06-23 02:04:53.076] [INFO] 가상 인터페이스로 필터링됨: Network adapter 'WAN Miniport (IPv6)' on local host
[2025-06-23 02:04:53.078] [INFO] 처리 중인 장치: Network adapter 'WAN Miniport (IP)' on local host
[2025-06-23 02:04:53.079] [INFO] 가상 인터페이스로 필터링됨: Network adapter 'WAN Miniport (IP)' on local host
[2025-06-23 02:04:53.081] [INFO] 처리 중인 장치: Network adapter 'Bluetooth Device (Personal Area Network)' on local host
[2025-06-23 02:04:53.082] [INFO] 장치 접근 가능성: Network adapter 'Bluetooth Device (Personal Area Network)' on local host = True
[2025-06-23 02:04:53.084] [INFO] 장치 상태: Network adapter 'Bluetooth Device (Personal Area Network)' on local host - 활성: False, IP: False, 우선순위: 0
[2025-06-23 02:04:53.085] [INFO] 처리 중인 장치: Network adapter 'Intel(R) Wi-Fi 6E AX211 160MHz' on local host
[2025-06-23 02:04:53.087] [INFO] 장치 접근 가능성: Network adapter 'Intel(R) Wi-Fi 6E AX211 160MHz' on local host = True
[2025-06-23 02:04:53.089] [INFO] 장치 상태: Network adapter 'Intel(R) Wi-Fi 6E AX211 160MHz' on local host - 활성: True, IP: True, 우선순위: 103
[2025-06-23 02:04:53.090] [INFO] 처리 중인 장치: Network adapter 'Microsoft Wi-Fi Direct Virtual Adapter #2' on local host
[2025-06-23 02:04:53.092] [INFO] 가상 인터페이스로 필터링됨: Network adapter 'Microsoft Wi-Fi Direct Virtual Adapter #2' on local host
[2025-06-23 02:04:53.094] [INFO] 처리 중인 장치: Network adapter 'Microsoft Wi-Fi Direct Virtual Adapter' on local host
[2025-06-23 02:04:53.095] [INFO] 가상 인터페이스로 필터링됨: Network adapter 'Microsoft Wi-Fi Direct Virtual Adapter' on local host
[2025-06-23 02:04:53.097] [INFO] 처리 중인 장치: Network adapter 'Adapter for loopback traffic capture' on local host
[2025-06-23 02:04:53.098] [INFO] 가상 인터페이스로 필터링됨: Network adapter 'Adapter for loopback traffic capture' on local host
[2025-06-23 02:04:53.100] [INFO] 총 인터페이스: 2, 활성: 1, 접근가능: 2
[2025-06-23 02:04:53.102] [INFO] 초기 데이터가 없어서 테스트 데이터 생성
[2025-06-23 02:04:53.105] [INFO] 테스트 데이터 50개 생성 완료
[2025-06-23 02:04:53.106] [INFO] 히스토리 탭 초기화 완료
[2025-06-23 02:04:53.112] [INFO] 탭 변경됨: RealtimeTab
[2025-06-23 02:04:53.136] [INFO] Network 페이지 로드 완료
[2025-06-23 02:04:53.137] [INFO] Network 페이지 로드 완료 초기화 완료
[2025-06-23 02:04:58.650] [INFO] 탭 변경됨: HistoryTab
[2025-06-23 02:05:07.913] [INFO] 탭 변경됨: SecurityTab
[2025-06-23 02:05:07.916] [INFO] 보안 탭 지연 초기화 시작
[2025-06-23 02:05:07.921] [INFO] 보안 통계 업데이트: 총 0개, 24시간 0개, 고위험 0개, 미해결 0개
[2025-06-23 02:05:07.923] [INFO] 보안 탭 지연 초기화 완료
[2025-06-23 02:31:04.117] [INFO] TCP 연결 추적을 위해 감사 정책이 일시적으로 활성화되었습니다.
[2025-06-23 02:31:04.149] [WARN] SecurityAlertsDataGrid가 아직 로드되지 않아 필터링을 건너뜁니다.
[2025-06-23 02:31:04.155] [WARN] SecurityAlertsDataGrid가 아직 로드되지 않아 필터링을 건너뜁니다.
[2025-06-23 02:31:04.547] [INFO] 발견된 캡처 장치 수: 8
[2025-06-23 02:31:04.549] [INFO] 장치 0: Network adapter 'WAN Miniport (Network Monitor)' on local host - rpcap://\Device\NPF_{0DD08C1D-A3B1-4A94-B153-2C49E17FB1F0}
[2025-06-23 02:31:04.551] [INFO] 장치 1: Network adapter 'WAN Miniport (IPv6)' on local host - rpcap://\Device\NPF_{808F958F-C536-4191-B6E0-C28D81F5B705}
[2025-06-23 02:31:04.553] [INFO] 장치 2: Network adapter 'WAN Miniport (IP)' on local host - rpcap://\Device\NPF_{1DE07AA1-3164-4FFB-A5A6-45950B9A834C}
[2025-06-23 02:31:04.555] [INFO] 장치 3: Network adapter 'Bluetooth Device (Personal Area Network)' on local host - rpcap://\Device\NPF_{B12453AF-4DB0-4C5E-A133-62976B4488EC}
[2025-06-23 02:31:04.557] [INFO] 장치 4: Network adapter 'Intel(R) Wi-Fi 6E AX211 160MHz' on local host - rpcap://\Device\NPF_{0DDAD6F6-FCBA-4CF6-886A-AB2D58073E84}
[2025-06-23 02:31:04.559] [INFO] 장치 5: Network adapter 'Microsoft Wi-Fi Direct Virtual Adapter #2' on local host - rpcap://\Device\NPF_{BA1DC28D-F58F-4FE0-AE1E-7A878DB2D744}
[2025-06-23 02:31:04.561] [INFO] 장치 6: Network adapter 'Microsoft Wi-Fi Direct Virtual Adapter' on local host - rpcap://\Device\NPF_{2B23BF12-7D61-426E-A19F-4B465B531401}
[2025-06-23 02:31:04.563] [INFO] 장치 7: Network adapter 'Adapter for loopback traffic capture' on local host - rpcap://\Device\NPF_Loopback
[2025-06-23 02:31:04.588] [INFO] 처리 중인 장치: Network adapter 'WAN Miniport (Network Monitor)' on local host
[2025-06-23 02:31:04.590] [INFO] 가상 인터페이스로 필터링됨: Network adapter 'WAN Miniport (Network Monitor)' on local host
[2025-06-23 02:31:04.592] [INFO] 처리 중인 장치: Network adapter 'WAN Miniport (IPv6)' on local host
[2025-06-23 02:31:04.594] [INFO] 가상 인터페이스로 필터링됨: Network adapter 'WAN Miniport (IPv6)' on local host
[2025-06-23 02:31:04.595] [INFO] 처리 중인 장치: Network adapter 'WAN Miniport (IP)' on local host
[2025-06-23 02:31:04.597] [INFO] 가상 인터페이스로 필터링됨: Network adapter 'WAN Miniport (IP)' on local host
[2025-06-23 02:31:04.599] [INFO] 처리 중인 장치: Network adapter 'Bluetooth Device (Personal Area Network)' on local host
[2025-06-23 02:31:04.729] [INFO] 장치 접근 가능성: Network adapter 'Bluetooth Device (Personal Area Network)' on local host = True
[2025-06-23 02:31:04.733] [INFO] 장치 상태: Network adapter 'Bluetooth Device (Personal Area Network)' on local host - 활성: False, IP: False, 우선순위: 0
[2025-06-23 02:31:04.736] [INFO] 처리 중인 장치: Network adapter 'Intel(R) Wi-Fi 6E AX211 160MHz' on local host
[2025-06-23 02:31:04.738] [INFO] 장치 접근 가능성: Network adapter 'Intel(R) Wi-Fi 6E AX211 160MHz' on local host = True
[2025-06-23 02:31:04.740] [INFO] 장치 상태: Network adapter 'Intel(R) Wi-Fi 6E AX211 160MHz' on local host - 활성: True, IP: True, 우선순위: 103
[2025-06-23 02:31:04.742] [INFO] 처리 중인 장치: Network adapter 'Microsoft Wi-Fi Direct Virtual Adapter #2' on local host
[2025-06-23 02:31:04.744] [INFO] 가상 인터페이스로 필터링됨: Network adapter 'Microsoft Wi-Fi Direct Virtual Adapter #2' on local host
[2025-06-23 02:31:04.746] [INFO] 처리 중인 장치: Network adapter 'Microsoft Wi-Fi Direct Virtual Adapter' on local host
[2025-06-23 02:31:04.748] [INFO] 가상 인터페이스로 필터링됨: Network adapter 'Microsoft Wi-Fi Direct Virtual Adapter' on local host
[2025-06-23 02:31:04.749] [INFO] 처리 중인 장치: Network adapter 'Adapter for loopback traffic capture' on local host
[2025-06-23 02:31:04.751] [INFO] 가상 인터페이스로 필터링됨: Network adapter 'Adapter for loopback traffic capture' on local host
[2025-06-23 02:31:04.753] [INFO] 총 인터페이스: 2, 활성: 1, 접근가능: 2
[2025-06-23 02:31:04.764] [INFO] 초기 데이터가 없어서 테스트 데이터 생성
[2025-06-23 02:31:04.772] [INFO] 테스트 데이터 50개 생성 완료
[2025-06-23 02:31:04.774] [INFO] 히스토리 탭 초기화 완료
[2025-06-23 02:31:04.835] [INFO] 탭 변경됨: RealtimeTab
[2025-06-23 02:31:04.887] [INFO] Network 페이지 로드 완료
[2025-06-23 02:31:04.889] [INFO] Network 페이지 로드 완료 초기화 완료
[2025-06-23 02:31:06.481] [INFO] TCP 연결 추적을 위해 감사 정책이 일시적으로 활성화되었습니다.
[2025-06-23 02:31:06.491] [WARN] SecurityAlertsDataGrid가 아직 로드되지 않아 필터링을 건너뜁니다.
[2025-06-23 02:31:06.493] [WARN] SecurityAlertsDataGrid가 아직 로드되지 않아 필터링을 건너뜁니다.
[2025-06-23 02:31:06.512] [INFO] 발견된 캡처 장치 수: 8
[2025-06-23 02:31:06.514] [INFO] 장치 0: Network adapter 'WAN Miniport (Network Monitor)' on local host - rpcap://\Device\NPF_{0DD08C1D-A3B1-4A94-B153-2C49E17FB1F0}
[2025-06-23 02:31:06.516] [INFO] 장치 1: Network adapter 'WAN Miniport (IPv6)' on local host - rpcap://\Device\NPF_{808F958F-C536-4191-B6E0-C28D81F5B705}
[2025-06-23 02:31:06.518] [INFO] 장치 2: Network adapter 'WAN Miniport (IP)' on local host - rpcap://\Device\NPF_{1DE07AA1-3164-4FFB-A5A6-45950B9A834C}
[2025-06-23 02:31:06.520] [INFO] 장치 3: Network adapter 'Bluetooth Device (Personal Area Network)' on local host - rpcap://\Device\NPF_{B12453AF-4DB0-4C5E-A133-62976B4488EC}
[2025-06-23 02:31:06.522] [INFO] 장치 4: Network adapter 'Intel(R) Wi-Fi 6E AX211 160MHz' on local host - rpcap://\Device\NPF_{0DDAD6F6-FCBA-4CF6-886A-AB2D58073E84}
[2025-06-23 02:31:06.525] [INFO] 장치 5: Network adapter 'Microsoft Wi-Fi Direct Virtual Adapter #2' on local host - rpcap://\Device\NPF_{BA1DC28D-F58F-4FE0-AE1E-7A878DB2D744}
[2025-06-23 02:31:06.527] [INFO] 장치 6: Network adapter 'Microsoft Wi-Fi Direct Virtual Adapter' on local host - rpcap://\Device\NPF_{2B23BF12-7D61-426E-A19F-4B465B531401}
[2025-06-23 02:31:06.528] [INFO] 장치 7: Network adapter 'Adapter for loopback traffic capture' on local host - rpcap://\Device\NPF_Loopback
[2025-06-23 02:31:06.551] [INFO] 처리 중인 장치: Network adapter 'WAN Miniport (Network Monitor)' on local host
[2025-06-23 02:31:06.552] [INFO] 가상 인터페이스로 필터링됨: Network adapter 'WAN Miniport (Network Monitor)' on local host
[2025-06-23 02:31:06.554] [INFO] 처리 중인 장치: Network adapter 'WAN Miniport (IPv6)' on local host
[2025-06-23 02:31:06.555] [INFO] 가상 인터페이스로 필터링됨: Network adapter 'WAN Miniport (IPv6)' on local host
[2025-06-23 02:31:06.557] [INFO] 처리 중인 장치: Network adapter 'WAN Miniport (IP)' on local host
[2025-06-23 02:31:06.558] [INFO] 가상 인터페이스로 필터링됨: Network adapter 'WAN Miniport (IP)' on local host
[2025-06-23 02:31:06.560] [INFO] 처리 중인 장치: Network adapter 'Bluetooth Device (Personal Area Network)' on local host
[2025-06-23 02:31:06.562] [INFO] 장치 접근 가능성: Network adapter 'Bluetooth Device (Personal Area Network)' on local host = True
[2025-06-23 02:31:06.563] [INFO] 장치 상태: Network adapter 'Bluetooth Device (Personal Area Network)' on local host - 활성: False, IP: False, 우선순위: 0
[2025-06-23 02:31:06.564] [INFO] 처리 중인 장치: Network adapter 'Intel(R) Wi-Fi 6E AX211 160MHz' on local host
[2025-06-23 02:31:06.566] [INFO] 장치 접근 가능성: Network adapter 'Intel(R) Wi-Fi 6E AX211 160MHz' on local host = True
[2025-06-23 02:31:06.567] [INFO] 장치 상태: Network adapter 'Intel(R) Wi-Fi 6E AX211 160MHz' on local host - 활성: True, IP: True, 우선순위: 103
[2025-06-23 02:31:06.569] [INFO] 처리 중인 장치: Network adapter 'Microsoft Wi-Fi Direct Virtual Adapter #2' on local host
[2025-06-23 02:31:06.571] [INFO] 가상 인터페이스로 필터링됨: Network adapter 'Microsoft Wi-Fi Direct Virtual Adapter #2' on local host
[2025-06-23 02:31:06.572] [INFO] 처리 중인 장치: Network adapter 'Microsoft Wi-Fi Direct Virtual Adapter' on local host
[2025-06-23 02:31:06.574] [INFO] 가상 인터페이스로 필터링됨: Network adapter 'Microsoft Wi-Fi Direct Virtual Adapter' on local host
[2025-06-23 02:31:06.576] [INFO] 처리 중인 장치: Network adapter 'Adapter for loopback traffic capture' on local host
[2025-06-23 02:31:06.577] [INFO] 가상 인터페이스로 필터링됨: Network adapter 'Adapter for loopback traffic capture' on local host
[2025-06-23 02:31:06.579] [INFO] 총 인터페이스: 2, 활성: 1, 접근가능: 2
[2025-06-23 02:31:06.582] [INFO] 초기 데이터가 없어서 테스트 데이터 생성
[2025-06-23 02:31:06.584] [INFO] 테스트 데이터 50개 생성 완료
[2025-06-23 02:31:06.585] [INFO] 히스토리 탭 초기화 완료
[2025-06-23 02:31:06.592] [INFO] 탭 변경됨: RealtimeTab
[2025-06-23 02:31:06.613] [INFO] Network 페이지 로드 완료
[2025-06-23 02:31:06.615] [INFO] Network 페이지 로드 완료 초기화 완료
[2025-06-23 02:32:52.524] [INFO] InstalledPrograms 초기화 시작
[2025-06-23 02:32:52.617] [INFO] InitializeComponent 완료
[2025-06-23 02:32:52.623] [INFO] DataGrid 초기화 완료
[2025-06-23 02:32:52.699] [INFO] 스피너 초기화 완료
[2025-06-23 02:32:52.702] [INFO] InstalledPrograms 초기화 완료
[2025-06-23 02:32:54.466] [INFO] TCP 연결 추적을 위해 감사 정책이 일시적으로 활성화되었습니다.
[2025-06-23 02:32:54.498] [WARN] SecurityAlertsDataGrid가 아직 로드되지 않아 필터링을 건너뜁니다.
[2025-06-23 02:32:54.503] [WARN] SecurityAlertsDataGrid가 아직 로드되지 않아 필터링을 건너뜁니다.
[2025-06-23 02:32:54.912] [INFO] 발견된 캡처 장치 수: 8
[2025-06-23 02:32:54.915] [INFO] 장치 0: Network adapter 'WAN Miniport (Network Monitor)' on local host - rpcap://\Device\NPF_{0DD08C1D-A3B1-4A94-B153-2C49E17FB1F0}
[2025-06-23 02:32:54.918] [INFO] 장치 1: Network adapter 'WAN Miniport (IPv6)' on local host - rpcap://\Device\NPF_{808F958F-C536-4191-B6E0-C28D81F5B705}
[2025-06-23 02:32:54.921] [INFO] 장치 2: Network adapter 'WAN Miniport (IP)' on local host - rpcap://\Device\NPF_{1DE07AA1-3164-4FFB-A5A6-45950B9A834C}
[2025-06-23 02:32:54.923] [INFO] 장치 3: Network adapter 'Bluetooth Device (Personal Area Network)' on local host - rpcap://\Device\NPF_{B12453AF-4DB0-4C5E-A133-62976B4488EC}
[2025-06-23 02:32:54.925] [INFO] 장치 4: Network adapter 'Intel(R) Wi-Fi 6E AX211 160MHz' on local host - rpcap://\Device\NPF_{0DDAD6F6-FCBA-4CF6-886A-AB2D58073E84}
[2025-06-23 02:32:54.928] [INFO] 장치 5: Network adapter 'Microsoft Wi-Fi Direct Virtual Adapter #2' on local host - rpcap://\Device\NPF_{BA1DC28D-F58F-4FE0-AE1E-7A878DB2D744}
[2025-06-23 02:32:54.930] [INFO] 장치 6: Network adapter 'Microsoft Wi-Fi Direct Virtual Adapter' on local host - rpcap://\Device\NPF_{2B23BF12-7D61-426E-A19F-4B465B531401}
[2025-06-23 02:32:54.933] [INFO] 장치 7: Network adapter 'Adapter for loopback traffic capture' on local host - rpcap://\Device\NPF_Loopback
[2025-06-23 02:32:54.959] [INFO] 처리 중인 장치: Network adapter 'WAN Miniport (Network Monitor)' on local host
[2025-06-23 02:32:54.962] [INFO] 가상 인터페이스로 필터링됨: Network adapter 'WAN Miniport (Network Monitor)' on local host
[2025-06-23 02:32:54.965] [INFO] 처리 중인 장치: Network adapter 'WAN Miniport (IPv6)' on local host
[2025-06-23 02:32:54.967] [INFO] 가상 인터페이스로 필터링됨: Network adapter 'WAN Miniport (IPv6)' on local host
[2025-06-23 02:32:54.969] [INFO] 처리 중인 장치: Network adapter 'WAN Miniport (IP)' on local host
[2025-06-23 02:32:54.971] [INFO] 가상 인터페이스로 필터링됨: Network adapter 'WAN Miniport (IP)' on local host
[2025-06-23 02:32:54.973] [INFO] 처리 중인 장치: Network adapter 'Bluetooth Device (Personal Area Network)' on local host
[2025-06-23 02:32:55.101] [INFO] 장치 접근 가능성: Network adapter 'Bluetooth Device (Personal Area Network)' on local host = True
[2025-06-23 02:32:55.105] [INFO] 장치 상태: Network adapter 'Bluetooth Device (Personal Area Network)' on local host - 활성: False, IP: False, 우선순위: 0
[2025-06-23 02:32:55.107] [INFO] 처리 중인 장치: Network adapter 'Intel(R) Wi-Fi 6E AX211 160MHz' on local host
[2025-06-23 02:32:55.110] [INFO] 장치 접근 가능성: Network adapter 'Intel(R) Wi-Fi 6E AX211 160MHz' on local host = True
[2025-06-23 02:32:55.113] [INFO] 장치 상태: Network adapter 'Intel(R) Wi-Fi 6E AX211 160MHz' on local host - 활성: True, IP: True, 우선순위: 103
[2025-06-23 02:32:55.115] [INFO] 처리 중인 장치: Network adapter 'Microsoft Wi-Fi Direct Virtual Adapter #2' on local host
[2025-06-23 02:32:55.117] [INFO] 가상 인터페이스로 필터링됨: Network adapter 'Microsoft Wi-Fi Direct Virtual Adapter #2' on local host
[2025-06-23 02:32:55.119] [INFO] 처리 중인 장치: Network adapter 'Microsoft Wi-Fi Direct Virtual Adapter' on local host
[2025-06-23 02:32:55.122] [INFO] 가상 인터페이스로 필터링됨: Network adapter 'Microsoft Wi-Fi Direct Virtual Adapter' on local host
[2025-06-23 02:32:55.125] [INFO] 처리 중인 장치: Network adapter 'Adapter for loopback traffic capture' on local host
[2025-06-23 02:32:55.127] [INFO] 가상 인터페이스로 필터링됨: Network adapter 'Adapter for loopback traffic capture' on local host
[2025-06-23 02:32:55.131] [INFO] 총 인터페이스: 2, 활성: 1, 접근가능: 2
[2025-06-23 02:32:55.146] [INFO] 초기 데이터가 없어서 테스트 데이터 생성
[2025-06-23 02:32:55.156] [INFO] 테스트 데이터 50개 생성 완료
[2025-06-23 02:32:55.158] [INFO] 히스토리 탭 초기화 완료
[2025-06-23 02:32:55.224] [INFO] 탭 변경됨: RealtimeTab
[2025-06-23 02:32:55.277] [INFO] Network 페이지 로드 완료
[2025-06-23 02:32:55.280] [INFO] Network 페이지 로드 완료 초기화 완료
[2025-06-23 02:33:12.683] [INFO] InstalledPrograms 초기화 시작
[2025-06-23 02:33:12.692] [INFO] InitializeComponent 완료
[2025-06-23 02:33:12.695] [INFO] DataGrid 초기화 완료
[2025-06-23 02:33:12.770] [INFO] 스피너 초기화 완료
[2025-06-23 02:33:12.773] [INFO] InstalledPrograms 초기화 완료
[2025-06-23 02:34:35.770] [INFO] TCP 연결 추적을 위해 감사 정책이 일시적으로 활성화되었습니다.
[2025-06-23 02:34:35.778] [WARN] SecurityAlertsDataGrid가 아직 로드되지 않아 필터링을 건너뜁니다.
[2025-06-23 02:34:35.781] [WARN] SecurityAlertsDataGrid가 아직 로드되지 않아 필터링을 건너뜁니다.
[2025-06-23 02:34:35.801] [INFO] 발견된 캡처 장치 수: 8
[2025-06-23 02:34:35.804] [INFO] 장치 0: Network adapter 'WAN Miniport (Network Monitor)' on local host - rpcap://\Device\NPF_{0DD08C1D-A3B1-4A94-B153-2C49E17FB1F0}
[2025-06-23 02:34:35.806] [INFO] 장치 1: Network adapter 'WAN Miniport (IPv6)' on local host - rpcap://\Device\NPF_{808F958F-C536-4191-B6E0-C28D81F5B705}
[2025-06-23 02:34:35.808] [INFO] 장치 2: Network adapter 'WAN Miniport (IP)' on local host - rpcap://\Device\NPF_{1DE07AA1-3164-4FFB-A5A6-45950B9A834C}
[2025-06-23 02:34:35.810] [INFO] 장치 3: Network adapter 'Bluetooth Device (Personal Area Network)' on local host - rpcap://\Device\NPF_{B12453AF-4DB0-4C5E-A133-62976B4488EC}
[2025-06-23 02:34:35.812] [INFO] 장치 4: Network adapter 'Intel(R) Wi-Fi 6E AX211 160MHz' on local host - rpcap://\Device\NPF_{0DDAD6F6-FCBA-4CF6-886A-AB2D58073E84}
[2025-06-23 02:34:35.814] [INFO] 장치 5: Network adapter 'Microsoft Wi-Fi Direct Virtual Adapter #2' on local host - rpcap://\Device\NPF_{BA1DC28D-F58F-4FE0-AE1E-7A878DB2D744}
[2025-06-23 02:34:35.816] [INFO] 장치 6: Network adapter 'Microsoft Wi-Fi Direct Virtual Adapter' on local host - rpcap://\Device\NPF_{2B23BF12-7D61-426E-A19F-4B465B531401}
[2025-06-23 02:34:35.818] [INFO] 장치 7: Network adapter 'Adapter for loopback traffic capture' on local host - rpcap://\Device\NPF_Loopback
[2025-06-23 02:34:35.839] [INFO] 처리 중인 장치: Network adapter 'WAN Miniport (Network Monitor)' on local host
[2025-06-23 02:34:35.842] [INFO] 가상 인터페이스로 필터링됨: Network adapter 'WAN Miniport (Network Monitor)' on local host
[2025-06-23 02:34:35.844] [INFO] 처리 중인 장치: Network adapter 'WAN Miniport (IPv6)' on local host
[2025-06-23 02:34:35.846] [INFO] 가상 인터페이스로 필터링됨: Network adapter 'WAN Miniport (IPv6)' on local host
[2025-06-23 02:34:35.849] [INFO] 처리 중인 장치: Network adapter 'WAN Miniport (IP)' on local host
[2025-06-23 02:34:35.851] [INFO] 가상 인터페이스로 필터링됨: Network adapter 'WAN Miniport (IP)' on local host
[2025-06-23 02:34:35.853] [INFO] 처리 중인 장치: Network adapter 'Bluetooth Device (Personal Area Network)' on local host
[2025-06-23 02:34:35.855] [INFO] 장치 접근 가능성: Network adapter 'Bluetooth Device (Personal Area Network)' on local host = True
[2025-06-23 02:34:35.857] [INFO] 장치 상태: Network adapter 'Bluetooth Device (Personal Area Network)' on local host - 활성: False, IP: False, 우선순위: 0
[2025-06-23 02:34:35.859] [INFO] 처리 중인 장치: Network adapter 'Intel(R) Wi-Fi 6E AX211 160MHz' on local host
[2025-06-23 02:34:35.862] [INFO] 장치 접근 가능성: Network adapter 'Intel(R) Wi-Fi 6E AX211 160MHz' on local host = True
[2025-06-23 02:34:35.864] [INFO] 장치 상태: Network adapter 'Intel(R) Wi-Fi 6E AX211 160MHz' on local host - 활성: True, IP: True, 우선순위: 103
[2025-06-23 02:34:35.867] [INFO] 처리 중인 장치: Network adapter 'Microsoft Wi-Fi Direct Virtual Adapter #2' on local host
[2025-06-23 02:34:35.869] [INFO] 가상 인터페이스로 필터링됨: Network adapter 'Microsoft Wi-Fi Direct Virtual Adapter #2' on local host
[2025-06-23 02:34:35.871] [INFO] 처리 중인 장치: Network adapter 'Microsoft Wi-Fi Direct Virtual Adapter' on local host
[2025-06-23 02:34:35.873] [INFO] 가상 인터페이스로 필터링됨: Network adapter 'Microsoft Wi-Fi Direct Virtual Adapter' on local host
[2025-06-23 02:34:35.875] [INFO] 처리 중인 장치: Network adapter 'Adapter for loopback traffic capture' on local host
[2025-06-23 02:34:35.877] [INFO] 가상 인터페이스로 필터링됨: Network adapter 'Adapter for loopback traffic capture' on local host
[2025-06-23 02:34:35.879] [INFO] 총 인터페이스: 2, 활성: 1, 접근가능: 2
[2025-06-23 02:34:35.882] [INFO] 초기 데이터가 없어서 테스트 데이터 생성
[2025-06-23 02:34:35.884] [INFO] 테스트 데이터 50개 생성 완료
[2025-06-23 02:34:35.886] [INFO] 히스토리 탭 초기화 완료
[2025-06-23 02:34:35.893] [INFO] 탭 변경됨: RealtimeTab
[2025-06-23 02:34:35.913] [INFO] Network 페이지 로드 완료
[2025-06-23 02:34:35.915] [INFO] Network 페이지 로드 완료 초기화 완료
[2025-06-23 02:34:39.138] [INFO] 탭 변경됨: HistoryTab
[2025-06-23 02:34:41.541] [INFO] 탭 변경됨: SecurityTab
[2025-06-23 02:34:41.546] [INFO] 보안 탭 지연 초기화 시작
[2025-06-23 02:34:41.552] [INFO] 보안 통계 업데이트: 총 0개, 24시간 0개, 고위험 0개, 미해결 0개
[2025-06-23 02:34:41.555] [INFO] 보안 탭 지연 초기화 완료
[2025-06-23 02:34:47.230] [INFO] 테스트 보안 경고 생성 시작
[2025-06-23 02:34:47.234] [INFO] 보안 통계 업데이트: 총 8개, 24시간 8개, 고위험 4개, 미해결 8개
[2025-06-23 02:34:47.238] [INFO] 보안 필터 적용 완료: 8개 경고 표시
[2025-06-23 02:34:49.235] [INFO] 테스트 보안 경고 8개 생성 완료
[2025-06-23 02:35:03.872] [INFO] 탭 변경됨: HistoryTab
[2025-06-23 02:35:05.651] [INFO] 탭 변경됨: RealtimeTab
[2025-06-23 02:35:10.975] [INFO] 탭 변경됨: HistoryTab
[2025-06-23 02:35:13.690] [INFO] 네트워크 사용 기록 조회 버튼 클릭됨
[2025-06-23 02:35:13.694] [INFO] LoadNetworkHistory 메서드 시작
[2025-06-23 02:35:13.696] [INFO] 사용 기록 조회 시작 - 시작일: 2025-06-16, 종료일: 2025-06-23, 인터페이스: ''
[2025-06-23 02:35:13.701] [INFO] 기존 기록 클리어 완료
[2025-06-23 02:35:13.703] [INFO] 이벤트 로그 조회 시작
[2025-06-23 02:35:13.759] [INFO] 이벤트 로그 조회 완료: 0개
[2025-06-23 02:35:13.761] [INFO] netstat 조회 시작
[2025-06-23 02:35:13.792] [INFO] netstat 조회 완료: 59개
[2025-06-23 02:35:13.794] [INFO] WMI 조회 시작
[2025-06-23 02:35:18.722] [INFO] 네트워크 사용 기록 조회 버튼 클릭됨
[2025-06-23 02:35:18.725] [INFO] LoadNetworkHistory 메서드 시작
[2025-06-23 02:35:18.727] [INFO] 사용 기록 조회 시작 - 시작일: 2025-06-16, 종료일: 2025-06-23, 인터페이스: ''
[2025-06-23 02:35:18.730] [INFO] 기존 기록 클리어 완료
[2025-06-23 02:35:18.731] [INFO] 이벤트 로그 조회 시작
[2025-06-23 02:35:18.771] [INFO] 이벤트 로그 조회 완료: 0개
[2025-06-23 02:35:18.774] [INFO] netstat 조회 시작
[2025-06-23 02:35:18.796] [INFO] netstat 조회 완료: 60개
[2025-06-23 02:35:18.798] [INFO] WMI 조회 시작
[2025-06-23 02:35:21.203] [INFO] WMI 조회 완료: 1개
[2025-06-23 02:35:21.209] [INFO] 전체 기록 합계: 61개
[2025-06-23 02:35:21.213] [INFO] 날짜 필터링 완료: 61개 → 61개
[2025-06-23 02:35:21.217] [INFO] 시간순 정렬 완료
[2025-06-23 02:35:21.220] [INFO] ObservableCollection에 61개 기록 추가 완료
[2025-06-23 02:35:21.223] [INFO] HistoryDataGrid ItemsSource 업데이트 완료
[2025-06-23 02:35:21.225] [INFO] 통계 업데이트 완료
[2025-06-23 02:35:21.227] [INFO] 네트워크 사용 기록 로드 완료: 61개
[2025-06-23 02:35:21.241] [INFO] WMI 조회 완료: 1개
[2025-06-23 02:35:21.244] [INFO] 전체 기록 합계: 60개
[2025-06-23 02:35:21.248] [INFO] 날짜 필터링 완료: 60개 → 60개
[2025-06-23 02:35:21.251] [INFO] 시간순 정렬 완료
[2025-06-23 02:35:21.254] [INFO] ObservableCollection에 60개 기록 추가 완료
[2025-06-23 02:35:21.257] [INFO] HistoryDataGrid ItemsSource 업데이트 완료
[2025-06-23 02:35:21.259] [INFO] 통계 업데이트 완료
[2025-06-23 02:35:21.262] [INFO] 네트워크 사용 기록 로드 완료: 60개
[2025-06-23 02:35:26.455] [INFO] 테스트 데이터 생성 버튼 클릭됨
[2025-06-23 02:35:26.460] [INFO] 테스트 데이터 171개 생성 완료
[2025-06-23 02:35:26.462] [INFO] 테스트 데이터 생성 완료
[2025-06-23 02:35:28.623] [INFO] 테스트 데이터 생성 버튼 클릭됨
[2025-06-23 02:35:28.629] [INFO] 테스트 데이터 221개 생성 완료
[2025-06-23 02:35:28.633] [INFO] 테스트 데이터 생성 완료
[2025-06-23 02:35:29.253] [INFO] 테스트 데이터 생성 버튼 클릭됨
[2025-06-23 02:35:29.256] [INFO] 테스트 데이터 271개 생성 완료
[2025-06-23 02:35:29.259] [INFO] 테스트 데이터 생성 완료
[2025-06-23 02:35:29.515] [INFO] 테스트 데이터 생성 버튼 클릭됨
[2025-06-23 02:35:29.520] [INFO] 테스트 데이터 321개 생성 완료
[2025-06-23 02:35:29.523] [INFO] 테스트 데이터 생성 완료
[2025-06-23 02:35:29.687] [INFO] 테스트 데이터 생성 버튼 클릭됨
[2025-06-23 02:35:29.692] [INFO] 테스트 데이터 371개 생성 완료
[2025-06-23 02:35:29.695] [INFO] 테스트 데이터 생성 완료
[2025-06-23 02:35:29.876] [INFO] 테스트 데이터 생성 버튼 클릭됨
[2025-06-23 02:35:29.880] [INFO] 테스트 데이터 421개 생성 완료
[2025-06-23 02:35:29.883] [INFO] 테스트 데이터 생성 완료
[2025-06-23 02:35:30.062] [INFO] 테스트 데이터 생성 버튼 클릭됨
[2025-06-23 02:35:30.065] [INFO] 테스트 데이터 471개 생성 완료
[2025-06-23 02:35:30.067] [INFO] 테스트 데이터 생성 완료
[2025-06-23 02:35:30.327] [INFO] 테스트 데이터 생성 버튼 클릭됨
[2025-06-23 02:35:30.332] [INFO] 테스트 데이터 521개 생성 완료
[2025-06-23 02:35:30.335] [INFO] 테스트 데이터 생성 완료
[2025-06-23 02:35:30.535] [INFO] 테스트 데이터 생성 버튼 클릭됨
[2025-06-23 02:35:30.542] [INFO] 테스트 데이터 571개 생성 완료
[2025-06-23 02:35:30.546] [INFO] 테스트 데이터 생성 완료
[2025-06-23 02:35:30.737] [INFO] 테스트 데이터 생성 버튼 클릭됨
[2025-06-23 02:35:30.740] [INFO] 테스트 데이터 621개 생성 완료
[2025-06-23 02:35:30.743] [INFO] 테스트 데이터 생성 완료
[2025-06-23 02:35:30.971] [INFO] 테스트 데이터 생성 버튼 클릭됨
[2025-06-23 02:35:30.977] [INFO] 테스트 데이터 671개 생성 완료
[2025-06-23 02:35:30.981] [INFO] 테스트 데이터 생성 완료
[2025-06-23 02:35:31.151] [INFO] 테스트 데이터 생성 버튼 클릭됨
[2025-06-23 02:35:31.154] [INFO] 테스트 데이터 721개 생성 완료
[2025-06-23 02:35:31.156] [INFO] 테스트 데이터 생성 완료
[2025-06-23 02:35:31.382] [INFO] 테스트 데이터 생성 버튼 클릭됨
[2025-06-23 02:35:31.386] [INFO] 테스트 데이터 771개 생성 완료
[2025-06-23 02:35:31.390] [INFO] 테스트 데이터 생성 완료
[2025-06-23 02:35:31.728] [INFO] 테스트 데이터 생성 버튼 클릭됨
[2025-06-23 02:35:31.734] [INFO] 테스트 데이터 821개 생성 완료
[2025-06-23 02:35:31.738] [INFO] 테스트 데이터 생성 완료
[2025-06-23 02:35:32.102] [INFO] 테스트 데이터 생성 버튼 클릭됨
[2025-06-23 02:35:32.105] [INFO] 테스트 데이터 871개 생성 완료
[2025-06-23 02:35:32.109] [INFO] 테스트 데이터 생성 완료
[2025-06-23 02:35:32.455] [INFO] 테스트 데이터 생성 버튼 클릭됨
[2025-06-23 02:35:32.461] [INFO] 테스트 데이터 921개 생성 완료
[2025-06-23 02:35:32.466] [INFO] 테스트 데이터 생성 완료
[2025-06-23 02:35:41.650] [INFO] InstalledPrograms 초기화 시작
[2025-06-23 02:35:41.660] [INFO] InitializeComponent 완료
[2025-06-23 02:35:41.664] [INFO] DataGrid 초기화 완료
[2025-06-23 02:35:41.721] [INFO] 스피너 초기화 완료
[2025-06-23 02:35:41.724] [INFO] InstalledPrograms 초기화 완료
[2025-06-23 02:37:49.731] [INFO] InstalledPrograms 초기화 시작
[2025-06-23 02:37:49.832] [INFO] InitializeComponent 완료
[2025-06-23 02:37:49.839] [INFO] DataGrid 초기화 완료
[2025-06-23 02:37:49.929] [INFO] 스피너 초기화 완료
[2025-06-23 02:37:49.931] [INFO] InstalledPrograms 초기화 완료
[2025-06-23 02:38:44.062] [INFO] InstalledPrograms 초기화 시작
[2025-06-23 02:38:44.156] [INFO] InitializeComponent 완료
[2025-06-23 02:38:44.163] [INFO] DataGrid 초기화 완료
[2025-06-23 02:38:44.234] [INFO] 스피너 초기화 완료
[2025-06-23 02:38:44.237] [INFO] InstalledPrograms 초기화 완료
[2025-06-23 02:39:57.028] [INFO] InstalledPrograms 초기화 시작
[2025-06-23 02:39:57.124] [INFO] InitializeComponent 완료
[2025-06-23 02:39:57.130] [INFO] DataGrid 초기화 완료
[2025-06-23 02:39:57.204] [INFO] 스피너 초기화 완료
[2025-06-23 02:39:57.207] [INFO] InstalledPrograms 초기화 완료
[2025-06-23 02:41:04.147] [INFO] TCP 연결 추적을 위해 감사 정책이 일시적으로 활성화되었습니다.
[2025-06-23 02:41:04.177] [WARN] SecurityAlertsDataGrid가 아직 로드되지 않아 필터링을 건너뜁니다.
[2025-06-23 02:41:04.181] [WARN] SecurityAlertsDataGrid가 아직 로드되지 않아 필터링을 건너뜁니다.
[2025-06-23 02:41:04.517] [INFO] 발견된 캡처 장치 수: 8
[2025-06-23 02:41:04.520] [INFO] 장치 0: Network adapter 'WAN Miniport (Network Monitor)' on local host - rpcap://\Device\NPF_{0DD08C1D-A3B1-4A94-B153-2C49E17FB1F0}
[2025-06-23 02:41:04.522] [INFO] 장치 1: Network adapter 'WAN Miniport (IPv6)' on local host - rpcap://\Device\NPF_{808F958F-C536-4191-B6E0-C28D81F5B705}
[2025-06-23 02:41:04.524] [INFO] 장치 2: Network adapter 'WAN Miniport (IP)' on local host - rpcap://\Device\NPF_{1DE07AA1-3164-4FFB-A5A6-45950B9A834C}
[2025-06-23 02:41:04.526] [INFO] 장치 3: Network adapter 'Bluetooth Device (Personal Area Network)' on local host - rpcap://\Device\NPF_{B12453AF-4DB0-4C5E-A133-62976B4488EC}
[2025-06-23 02:41:04.527] [INFO] 장치 4: Network adapter 'Intel(R) Wi-Fi 6E AX211 160MHz' on local host - rpcap://\Device\NPF_{0DDAD6F6-FCBA-4CF6-886A-AB2D58073E84}
[2025-06-23 02:41:04.530] [INFO] 장치 5: Network adapter 'Microsoft Wi-Fi Direct Virtual Adapter #2' on local host - rpcap://\Device\NPF_{BA1DC28D-F58F-4FE0-AE1E-7A878DB2D744}
[2025-06-23 02:41:04.531] [INFO] 장치 6: Network adapter 'Microsoft Wi-Fi Direct Virtual Adapter' on local host - rpcap://\Device\NPF_{2B23BF12-7D61-426E-A19F-4B465B531401}
[2025-06-23 02:41:04.533] [INFO] 장치 7: Network adapter 'Adapter for loopback traffic capture' on local host - rpcap://\Device\NPF_Loopback
[2025-06-23 02:41:04.553] [INFO] 처리 중인 장치: Network adapter 'WAN Miniport (Network Monitor)' on local host
[2025-06-23 02:41:04.555] [INFO] 가상 인터페이스로 필터링됨: Network adapter 'WAN Miniport (Network Monitor)' on local host
[2025-06-23 02:41:04.557] [INFO] 처리 중인 장치: Network adapter 'WAN Miniport (IPv6)' on local host
[2025-06-23 02:41:04.559] [INFO] 가상 인터페이스로 필터링됨: Network adapter 'WAN Miniport (IPv6)' on local host
[2025-06-23 02:41:04.560] [INFO] 처리 중인 장치: Network adapter 'WAN Miniport (IP)' on local host
[2025-06-23 02:41:04.562] [INFO] 가상 인터페이스로 필터링됨: Network adapter 'WAN Miniport (IP)' on local host
[2025-06-23 02:41:04.563] [INFO] 처리 중인 장치: Network adapter 'Bluetooth Device (Personal Area Network)' on local host
[2025-06-23 02:41:04.565] [INFO] 장치 접근 가능성: Network adapter 'Bluetooth Device (Personal Area Network)' on local host = True
[2025-06-23 02:41:04.568] [INFO] 장치 상태: Network adapter 'Bluetooth Device (Personal Area Network)' on local host - 활성: False, IP: False, 우선순위: 0
[2025-06-23 02:41:04.570] [INFO] 처리 중인 장치: Network adapter 'Intel(R) Wi-Fi 6E AX211 160MHz' on local host
[2025-06-23 02:41:04.572] [INFO] 장치 접근 가능성: Network adapter 'Intel(R) Wi-Fi 6E AX211 160MHz' on local host = True
[2025-06-23 02:41:04.574] [INFO] 장치 상태: Network adapter 'Intel(R) Wi-Fi 6E AX211 160MHz' on local host - 활성: True, IP: True, 우선순위: 103
[2025-06-23 02:41:04.575] [INFO] 처리 중인 장치: Network adapter 'Microsoft Wi-Fi Direct Virtual Adapter #2' on local host
[2025-06-23 02:41:04.577] [INFO] 가상 인터페이스로 필터링됨: Network adapter 'Microsoft Wi-Fi Direct Virtual Adapter #2' on local host
[2025-06-23 02:41:04.579] [INFO] 처리 중인 장치: Network adapter 'Microsoft Wi-Fi Direct Virtual Adapter' on local host
[2025-06-23 02:41:04.580] [INFO] 가상 인터페이스로 필터링됨: Network adapter 'Microsoft Wi-Fi Direct Virtual Adapter' on local host
[2025-06-23 02:41:04.582] [INFO] 처리 중인 장치: Network adapter 'Adapter for loopback traffic capture' on local host
[2025-06-23 02:41:04.584] [INFO] 가상 인터페이스로 필터링됨: Network adapter 'Adapter for loopback traffic capture' on local host
[2025-06-23 02:41:04.586] [INFO] 총 인터페이스: 2, 활성: 1, 접근가능: 2
[2025-06-23 02:41:04.596] [INFO] 초기 데이터가 없어서 테스트 데이터 생성
[2025-06-23 02:41:04.603] [INFO] 테스트 데이터 50개 생성 완료
[2025-06-23 02:41:04.605] [INFO] 히스토리 탭 초기화 완료
[2025-06-23 02:41:04.613] [INFO] 탭 변경됨: RealtimeTab
[2025-06-23 02:41:04.648] [INFO] Network 페이지 로드 완료
[2025-06-23 02:41:04.650] [INFO] Network 페이지 로드 완료 초기화 완료
[2025-06-23 02:41:26.504] [INFO] TCP 연결 추적을 위해 감사 정책이 일시적으로 활성화되었습니다.
[2025-06-23 02:41:26.513] [WARN] SecurityAlertsDataGrid가 아직 로드되지 않아 필터링을 건너뜁니다.
[2025-06-23 02:41:26.515] [WARN] SecurityAlertsDataGrid가 아직 로드되지 않아 필터링을 건너뜁니다.
[2025-06-23 02:41:26.533] [INFO] 발견된 캡처 장치 수: 8
[2025-06-23 02:41:26.535] [INFO] 장치 0: Network adapter 'WAN Miniport (Network Monitor)' on local host - rpcap://\Device\NPF_{0DD08C1D-A3B1-4A94-B153-2C49E17FB1F0}
[2025-06-23 02:41:26.537] [INFO] 장치 1: Network adapter 'WAN Miniport (IPv6)' on local host - rpcap://\Device\NPF_{808F958F-C536-4191-B6E0-C28D81F5B705}
[2025-06-23 02:41:26.538] [INFO] 장치 2: Network adapter 'WAN Miniport (IP)' on local host - rpcap://\Device\NPF_{1DE07AA1-3164-4FFB-A5A6-45950B9A834C}
[2025-06-23 02:41:26.540] [INFO] 장치 3: Network adapter 'Bluetooth Device (Personal Area Network)' on local host - rpcap://\Device\NPF_{B12453AF-4DB0-4C5E-A133-62976B4488EC}
[2025-06-23 02:41:26.541] [INFO] 장치 4: Network adapter 'Intel(R) Wi-Fi 6E AX211 160MHz' on local host - rpcap://\Device\NPF_{0DDAD6F6-FCBA-4CF6-886A-AB2D58073E84}
[2025-06-23 02:41:26.543] [INFO] 장치 5: Network adapter 'Microsoft Wi-Fi Direct Virtual Adapter #2' on local host - rpcap://\Device\NPF_{BA1DC28D-F58F-4FE0-AE1E-7A878DB2D744}
[2025-06-23 02:41:26.544] [INFO] 장치 6: Network adapter 'Microsoft Wi-Fi Direct Virtual Adapter' on local host - rpcap://\Device\NPF_{2B23BF12-7D61-426E-A19F-4B465B531401}
[2025-06-23 02:41:26.546] [INFO] 장치 7: Network adapter 'Adapter for loopback traffic capture' on local host - rpcap://\Device\NPF_Loopback
[2025-06-23 02:41:26.565] [INFO] 처리 중인 장치: Network adapter 'WAN Miniport (Network Monitor)' on local host
[2025-06-23 02:41:26.567] [INFO] 가상 인터페이스로 필터링됨: Network adapter 'WAN Miniport (Network Monitor)' on local host
[2025-06-23 02:41:26.569] [INFO] 처리 중인 장치: Network adapter 'WAN Miniport (IPv6)' on local host
[2025-06-23 02:41:26.570] [INFO] 가상 인터페이스로 필터링됨: Network adapter 'WAN Miniport (IPv6)' on local host
[2025-06-23 02:41:26.571] [INFO] 처리 중인 장치: Network adapter 'WAN Miniport (IP)' on local host
[2025-06-23 02:41:26.573] [INFO] 가상 인터페이스로 필터링됨: Network adapter 'WAN Miniport (IP)' on local host
[2025-06-23 02:41:26.574] [INFO] 처리 중인 장치: Network adapter 'Bluetooth Device (Personal Area Network)' on local host
[2025-06-23 02:41:26.576] [INFO] 장치 접근 가능성: Network adapter 'Bluetooth Device (Personal Area Network)' on local host = True
[2025-06-23 02:41:26.577] [INFO] 장치 상태: Network adapter 'Bluetooth Device (Personal Area Network)' on local host - 활성: False, IP: False, 우선순위: 0
[2025-06-23 02:41:26.579] [INFO] 처리 중인 장치: Network adapter 'Intel(R) Wi-Fi 6E AX211 160MHz' on local host
[2025-06-23 02:41:26.581] [INFO] 장치 접근 가능성: Network adapter 'Intel(R) Wi-Fi 6E AX211 160MHz' on local host = True
[2025-06-23 02:41:26.583] [INFO] 장치 상태: Network adapter 'Intel(R) Wi-Fi 6E AX211 160MHz' on local host - 활성: True, IP: True, 우선순위: 103
[2025-06-23 02:41:26.585] [INFO] 처리 중인 장치: Network adapter 'Microsoft Wi-Fi Direct Virtual Adapter #2' on local host
[2025-06-23 02:41:26.586] [INFO] 가상 인터페이스로 필터링됨: Network adapter 'Microsoft Wi-Fi Direct Virtual Adapter #2' on local host
[2025-06-23 02:41:26.588] [INFO] 처리 중인 장치: Network adapter 'Microsoft Wi-Fi Direct Virtual Adapter' on local host
[2025-06-23 02:41:26.589] [INFO] 가상 인터페이스로 필터링됨: Network adapter 'Microsoft Wi-Fi Direct Virtual Adapter' on local host
[2025-06-23 02:41:26.591] [INFO] 처리 중인 장치: Network adapter 'Adapter for loopback traffic capture' on local host
[2025-06-23 02:41:26.592] [INFO] 가상 인터페이스로 필터링됨: Network adapter 'Adapter for loopback traffic capture' on local host
[2025-06-23 02:41:26.594] [INFO] 총 인터페이스: 2, 활성: 1, 접근가능: 2
[2025-06-23 02:41:26.596] [INFO] 초기 데이터가 없어서 테스트 데이터 생성
[2025-06-23 02:41:26.598] [INFO] 테스트 데이터 50개 생성 완료
[2025-06-23 02:41:26.600] [INFO] 히스토리 탭 초기화 완료
[2025-06-23 02:41:26.604] [INFO] 탭 변경됨: RealtimeTab
[2025-06-23 02:41:26.624] [INFO] Network 페이지 로드 완료
[2025-06-23 02:41:26.625] [INFO] Network 페이지 로드 완료 초기화 완료
[2025-06-23 02:42:53.098] [INFO] TCP 연결 추적을 위해 감사 정책이 일시적으로 활성화되었습니다.
[2025-06-23 02:42:53.130] [WARN] SecurityAlertsDataGrid가 아직 로드되지 않아 필터링을 건너뜁니다.
[2025-06-23 02:42:53.135] [WARN] SecurityAlertsDataGrid가 아직 로드되지 않아 필터링을 건너뜁니다.
[2025-06-23 02:42:53.547] [INFO] 발견된 캡처 장치 수: 8
[2025-06-23 02:42:53.549] [INFO] 장치 0: Network adapter 'WAN Miniport (Network Monitor)' on local host - rpcap://\Device\NPF_{0DD08C1D-A3B1-4A94-B153-2C49E17FB1F0}
[2025-06-23 02:42:53.551] [INFO] 장치 1: Network adapter 'WAN Miniport (IPv6)' on local host - rpcap://\Device\NPF_{808F958F-C536-4191-B6E0-C28D81F5B705}
[2025-06-23 02:42:53.553] [INFO] 장치 2: Network adapter 'WAN Miniport (IP)' on local host - rpcap://\Device\NPF_{1DE07AA1-3164-4FFB-A5A6-45950B9A834C}
[2025-06-23 02:42:53.555] [INFO] 장치 3: Network adapter 'Bluetooth Device (Personal Area Network)' on local host - rpcap://\Device\NPF_{B12453AF-4DB0-4C5E-A133-62976B4488EC}
[2025-06-23 02:42:53.557] [INFO] 장치 4: Network adapter 'Intel(R) Wi-Fi 6E AX211 160MHz' on local host - rpcap://\Device\NPF_{0DDAD6F6-FCBA-4CF6-886A-AB2D58073E84}
[2025-06-23 02:42:53.558] [INFO] 장치 5: Network adapter 'Microsoft Wi-Fi Direct Virtual Adapter #2' on local host - rpcap://\Device\NPF_{BA1DC28D-F58F-4FE0-AE1E-7A878DB2D744}
[2025-06-23 02:42:53.560] [INFO] 장치 6: Network adapter 'Microsoft Wi-Fi Direct Virtual Adapter' on local host - rpcap://\Device\NPF_{2B23BF12-7D61-426E-A19F-4B465B531401}
[2025-06-23 02:42:53.562] [INFO] 장치 7: Network adapter 'Adapter for loopback traffic capture' on local host - rpcap://\Device\NPF_Loopback
[2025-06-23 02:42:53.585] [INFO] 처리 중인 장치: Network adapter 'WAN Miniport (Network Monitor)' on local host
[2025-06-23 02:42:53.588] [INFO] 가상 인터페이스로 필터링됨: Network adapter 'WAN Miniport (Network Monitor)' on local host
[2025-06-23 02:42:53.590] [INFO] 처리 중인 장치: Network adapter 'WAN Miniport (IPv6)' on local host
[2025-06-23 02:42:53.591] [INFO] 가상 인터페이스로 필터링됨: Network adapter 'WAN Miniport (IPv6)' on local host
[2025-06-23 02:42:53.593] [INFO] 처리 중인 장치: Network adapter 'WAN Miniport (IP)' on local host
[2025-06-23 02:42:53.595] [INFO] 가상 인터페이스로 필터링됨: Network adapter 'WAN Miniport (IP)' on local host
[2025-06-23 02:42:53.597] [INFO] 처리 중인 장치: Network adapter 'Bluetooth Device (Personal Area Network)' on local host
[2025-06-23 02:42:53.723] [INFO] 장치 접근 가능성: Network adapter 'Bluetooth Device (Personal Area Network)' on local host = True
[2025-06-23 02:42:53.727] [INFO] 장치 상태: Network adapter 'Bluetooth Device (Personal Area Network)' on local host - 활성: False, IP: False, 우선순위: 0
[2025-06-23 02:42:53.730] [INFO] 처리 중인 장치: Network adapter 'Intel(R) Wi-Fi 6E AX211 160MHz' on local host
[2025-06-23 02:42:53.732] [INFO] 장치 접근 가능성: Network adapter 'Intel(R) Wi-Fi 6E AX211 160MHz' on local host = True
[2025-06-23 02:42:53.735] [INFO] 장치 상태: Network adapter 'Intel(R) Wi-Fi 6E AX211 160MHz' on local host - 활성: True, IP: True, 우선순위: 103
[2025-06-23 02:42:53.737] [INFO] 처리 중인 장치: Network adapter 'Microsoft Wi-Fi Direct Virtual Adapter #2' on local host
[2025-06-23 02:42:53.739] [INFO] 가상 인터페이스로 필터링됨: Network adapter 'Microsoft Wi-Fi Direct Virtual Adapter #2' on local host
[2025-06-23 02:42:53.740] [INFO] 처리 중인 장치: Network adapter 'Microsoft Wi-Fi Direct Virtual Adapter' on local host
[2025-06-23 02:42:53.742] [INFO] 가상 인터페이스로 필터링됨: Network adapter 'Microsoft Wi-Fi Direct Virtual Adapter' on local host
[2025-06-23 02:42:53.745] [INFO] 처리 중인 장치: Network adapter 'Adapter for loopback traffic capture' on local host
[2025-06-23 02:42:53.747] [INFO] 가상 인터페이스로 필터링됨: Network adapter 'Adapter for loopback traffic capture' on local host
[2025-06-23 02:42:53.750] [INFO] 총 인터페이스: 2, 활성: 1, 접근가능: 2
[2025-06-23 02:42:53.762] [INFO] 초기 데이터가 없어서 테스트 데이터 생성
[2025-06-23 02:42:53.771] [INFO] 테스트 데이터 50개 생성 완료
[2025-06-23 02:42:53.773] [INFO] 히스토리 탭 초기화 완료
[2025-06-23 02:42:53.783] [INFO] 탭 변경됨: RealtimeTab
[2025-06-23 02:42:53.836] [INFO] Network 페이지 로드 완료
[2025-06-23 02:42:53.838] [INFO] Network 페이지 로드 완료 초기화 완료
[2025-06-23 02:42:57.136] [INFO] InstalledPrograms 초기화 시작
[2025-06-23 02:42:57.148] [INFO] InitializeComponent 완료
[2025-06-23 02:42:57.151] [INFO] DataGrid 초기화 완료
[2025-06-23 02:42:57.219] [INFO] 스피너 초기화 완료
[2025-06-23 02:42:57.221] [INFO] InstalledPrograms 초기화 완료
