[2025-06-30 08:53:32.597] [INFO] WmiHelper: 방화벽 상태 확인 - 활성화됨 (COM)
[2025-06-30 08:53:32.622] [INFO] WmiHelper: Security Center 서비스 상태 - Running
[2025-06-30 08:53:34.600] [INFO] WmiHelper: Security Center 서비스 상태 - Running
[2025-06-30 08:53:37.630] [INFO] WmiHelper: Security Center 서비스 상태 - Running
[2025-06-30 08:53:37.751] [INFO] WmiHelper: Security Center 서비스 상태 - Running
[2025-06-30 08:53:39.136] [INFO] WmiHelper: Security Center 서비스 상태 - Running
[2025-06-30 08:54:15.403] [INFO] 보안 상태 업데이트 완료
[2025-06-30 08:54:15.407] [INFO] 보안 상태 모니터링이 시작되었습니다.
[2025-06-30 08:59:15.386] [INFO] WmiHelper: 방화벽 상태 확인 - 활성화됨 (COM)
[2025-06-30 08:59:15.397] [INFO] WmiHelper: Security Center 서비스 상태 - Running
[2025-06-30 08:59:55.417] [INFO] 보안 상태 업데이트 완료
[2025-06-30 09:04:15.286] [INFO] WmiHelper: 방화벽 상태 확인 - 활성화됨 (COM)
[2025-06-30 09:04:15.291] [INFO] WmiHelper: Security Center 서비스 상태 - Running
[2025-06-30 09:04:53.815] [INFO] 보안 상태 업데이트 완료
[2025-06-30 09:09:15.202] [INFO] WmiHelper: 방화벽 상태 확인 - 활성화됨 (COM)
[2025-06-30 09:09:15.205] [INFO] WmiHelper: Security Center 서비스 상태 - Running
[2025-06-30 09:09:53.697] [INFO] 보안 상태 업데이트 완료
[2025-06-30 09:14:15.161] [INFO] WmiHelper: 방화벽 상태 확인 - 활성화됨 (COM)
[2025-06-30 09:14:15.164] [INFO] WmiHelper: Security Center 서비스 상태 - Running
[2025-06-30 09:14:54.013] [INFO] 보안 상태 업데이트 완료
[2025-06-30 09:19:15.115] [INFO] WmiHelper: 방화벽 상태 확인 - 활성화됨 (COM)
[2025-06-30 09:19:15.121] [INFO] WmiHelper: Security Center 서비스 상태 - Running
[2025-06-30 09:19:53.803] [INFO] 보안 상태 업데이트 완료
[2025-06-30 09:24:15.104] [INFO] WmiHelper: 방화벽 상태 확인 - 활성화됨 (COM)
[2025-06-30 09:24:15.109] [INFO] WmiHelper: Security Center 서비스 상태 - Running
[2025-06-30 09:24:53.607] [INFO] 보안 상태 업데이트 완료
[2025-06-30 09:29:15.052] [INFO] WmiHelper: 방화벽 상태 확인 - 활성화됨 (COM)
[2025-06-30 09:29:15.058] [INFO] WmiHelper: Security Center 서비스 상태 - Running
[2025-06-30 09:29:53.604] [INFO] 보안 상태 업데이트 완료
[2025-06-30 09:34:15.010] [INFO] WmiHelper: 방화벽 상태 확인 - 활성화됨 (COM)
[2025-06-30 09:34:15.013] [INFO] WmiHelper: Security Center 서비스 상태 - Running
[2025-06-30 09:34:55.355] [INFO] 보안 상태 업데이트 완료
[2025-06-30 09:39:15.047] [INFO] WmiHelper: 방화벽 상태 확인 - 활성화됨 (COM)
[2025-06-30 09:39:15.051] [INFO] WmiHelper: Security Center 서비스 상태 - Running
[2025-06-30 09:39:43.532] [INFO] InstalledPrograms 초기화 시작
[2025-06-30 09:39:43.544] [INFO] InitializeComponent 완료
[2025-06-30 09:39:43.548] [INFO] DataGrid 초기화 완료
[2025-06-30 09:39:43.637] [INFO] 스피너 초기화 완료
[2025-06-30 09:39:43.639] [INFO] InstalledPrograms 초기화 완료
[2025-06-30 09:39:44.669] [INFO] TCP 연결 추적을 위해 감사 정책이 일시적으로 활성화되었습니다.
[2025-06-30 09:39:44.732] [WARN] SecurityAlertsDataGrid가 아직 로드되지 않아 필터링을 건너뜁니다.
[2025-06-30 09:39:44.737] [WARN] SecurityAlertsDataGrid가 아직 로드되지 않아 필터링을 건너뜁니다.
[2025-06-30 09:39:45.235] [INFO] 발견된 캡처 장치 수: 5
[2025-06-30 09:39:45.237] [INFO] 장치 0: Network adapter 'WAN Miniport (Network Monitor)' on local host - rpcap://\Device\NPF_{707A6856-71C1-49F8-B8F4-C00E823053C4}
[2025-06-30 09:39:45.239] [INFO] 장치 1: Network adapter 'WAN Miniport (IPv6)' on local host - rpcap://\Device\NPF_{35A632B0-E696-45BB-830E-DA060CB444E2}
[2025-06-30 09:39:45.243] [INFO] 장치 2: Network adapter 'WAN Miniport (IP)' on local host - rpcap://\Device\NPF_{3A942451-150A-4334-B699-36CEA0C9527A}
[2025-06-30 09:39:45.245] [INFO] 장치 3: Network adapter 'Realtek PCIe GbE Family Controller #6' on local host - rpcap://\Device\NPF_{A906DC0A-0A94-460A-B139-011428D9C6E8}
[2025-06-30 09:39:45.247] [INFO] 장치 4: Network adapter 'Adapter for loopback traffic capture' on local host - rpcap://\Device\NPF_Loopback
[2025-06-30 09:39:45.261] [INFO] 처리 중인 장치: Network adapter 'WAN Miniport (Network Monitor)' on local host
[2025-06-30 09:39:45.265] [INFO] 가상 인터페이스로 필터링됨: Network adapter 'WAN Miniport (Network Monitor)' on local host
[2025-06-30 09:39:45.268] [INFO] 처리 중인 장치: Network adapter 'WAN Miniport (IPv6)' on local host
[2025-06-30 09:39:45.270] [INFO] 가상 인터페이스로 필터링됨: Network adapter 'WAN Miniport (IPv6)' on local host
[2025-06-30 09:39:45.272] [INFO] 처리 중인 장치: Network adapter 'WAN Miniport (IP)' on local host
[2025-06-30 09:39:45.275] [INFO] 가상 인터페이스로 필터링됨: Network adapter 'WAN Miniport (IP)' on local host
[2025-06-30 09:39:45.278] [INFO] 처리 중인 장치: Network adapter 'Realtek PCIe GbE Family Controller #6' on local host
[2025-06-30 09:39:45.280] [INFO] 장치 접근 가능성: Network adapter 'Realtek PCIe GbE Family Controller #6' on local host = True
[2025-06-30 09:39:45.284] [INFO] 장치 상태: Network adapter 'Realtek PCIe GbE Family Controller #6' on local host - 활성: True, IP: True, 우선순위: 110
[2025-06-30 09:39:45.286] [INFO] 처리 중인 장치: Network adapter 'Adapter for loopback traffic capture' on local host
[2025-06-30 09:39:45.289] [INFO] 가상 인터페이스로 필터링됨: Network adapter 'Adapter for loopback traffic capture' on local host
[2025-06-30 09:39:45.292] [INFO] 총 인터페이스: 1, 활성: 1, 접근가능: 1
[2025-06-30 09:39:45.309] [INFO] 초기 데이터가 없어서 테스트 데이터 생성
[2025-06-30 09:39:45.318] [INFO] 테스트 데이터 50개 생성 완료
[2025-06-30 09:39:45.320] [INFO] 히스토리 탭 초기화 완료
[2025-06-30 09:39:45.378] [INFO] 탭 변경됨: RealtimeTab
[2025-06-30 09:39:45.406] [INFO] Network 페이지 로드 완료
[2025-06-30 09:39:45.410] [INFO] Network 페이지 로드 완료 초기화 완료
[2025-06-30 09:39:53.304] [INFO] 보안 상태 업데이트 완료
[2025-06-30 09:44:15.027] [INFO] WmiHelper: 방화벽 상태 확인 - 활성화됨 (COM)
[2025-06-30 09:44:15.031] [INFO] WmiHelper: Security Center 서비스 상태 - Running
[2025-06-30 09:44:53.584] [INFO] 보안 상태 업데이트 완료
[2025-06-30 09:49:15.052] [INFO] WmiHelper: 방화벽 상태 확인 - 활성화됨 (COM)
[2025-06-30 09:49:15.057] [INFO] WmiHelper: Security Center 서비스 상태 - Running
[2025-06-30 09:49:53.590] [INFO] 보안 상태 업데이트 완료
[2025-06-30 09:54:14.956] [INFO] WmiHelper: 방화벽 상태 확인 - 활성화됨 (COM)
[2025-06-30 09:54:14.958] [INFO] WmiHelper: Security Center 서비스 상태 - Running
[2025-06-30 09:54:53.271] [INFO] 보안 상태 업데이트 완료
[2025-06-30 09:59:14.922] [INFO] WmiHelper: 방화벽 상태 확인 - 활성화됨 (COM)
[2025-06-30 09:59:14.925] [INFO] WmiHelper: Security Center 서비스 상태 - Running
[2025-06-30 09:59:54.104] [INFO] 보안 상태 업데이트 완료
[2025-06-30 10:04:14.962] [INFO] WmiHelper: 방화벽 상태 확인 - 활성화됨 (COM)
[2025-06-30 10:04:14.965] [INFO] WmiHelper: Security Center 서비스 상태 - Running
[2025-06-30 10:04:53.048] [INFO] 보안 상태 업데이트 완료
